{"/code/dbConfig.js": {"path":"/code/dbConfig.js","statementMap":{"0":{"start":{"line":1,"column":17},"end":{"line":1,"column":30}},"1":{"start":{"line":3,"column":13},"end":{"line":3,"column":23}},"2":{"start":{"line":5,"column":0},"end":{"line":5,"column":22}}},"fnMap":{},"branchMap":{},"s":{"0":12,"1":12,"2":12},"f":{},"b":{},"_coverageSchema":"1a1c01bbd47fc00a2c39e90264f33305004495a9","hash":"6bdefa1bb1c9e9e3a15131c5000d1354f1e7d24b"}
,"/code/controllers/entries.js": {"path":"/code/controllers/entries.js","statementMap":{"0":{"start":{"line":1,"column":14},"end":{"line":1,"column":40}},"1":{"start":{"line":5,"column":4},"end":{"line":10,"column":5}},"2":{"start":{"line":6,"column":24},"end":{"line":6,"column":39}},"3":{"start":{"line":7,"column":8},"end":{"line":7,"column":37}},"4":{"start":{"line":9,"column":8},"end":{"line":9,"column":37}},"5":{"start":{"line":15,"column":4},"end":{"line":20,"column":5}},"6":{"start":{"line":16,"column":24},"end":{"line":16,"column":81}},"7":{"start":{"line":17,"column":8},"end":{"line":17,"column":37}},"8":{"start":{"line":19,"column":8},"end":{"line":19,"column":37}},"9":{"start":{"line":27,"column":4},"end":{"line":32,"column":5}},"10":{"start":{"line":28,"column":24},"end":{"line":28,"column":77}},"11":{"start":{"line":29,"column":8},"end":{"line":29,"column":37}},"12":{"start":{"line":31,"column":8},"end":{"line":31,"column":37}},"13":{"start":{"line":36,"column":4},"end":{"line":41,"column":5}},"14":{"start":{"line":37,"column":24},"end":{"line":37,"column":75}},"15":{"start":{"line":38,"column":8},"end":{"line":38,"column":37}},"16":{"start":{"line":40,"column":8},"end":{"line":40,"column":37}},"17":{"start":{"line":45,"column":4},"end":{"line":50,"column":5}},"18":{"start":{"line":46,"column":24},"end":{"line":46,"column":76}},"19":{"start":{"line":47,"column":8},"end":{"line":47,"column":37}},"20":{"start":{"line":49,"column":8},"end":{"line":49,"column":37}},"21":{"start":{"line":54,"column":4},"end":{"line":59,"column":5}},"22":{"start":{"line":55,"column":24},"end":{"line":55,"column":73}},"23":{"start":{"line":56,"column":8},"end":{"line":56,"column":37}},"24":{"start":{"line":58,"column":8},"end":{"line":58,"column":37}},"25":{"start":{"line":63,"column":4},"end":{"line":68,"column":5}},"26":{"start":{"line":64,"column":24},"end":{"line":64,"column":73}},"27":{"start":{"line":65,"column":8},"end":{"line":65,"column":37}},"28":{"start":{"line":67,"column":8},"end":{"line":67,"column":37}},"29":{"start":{"line":72,"column":4},"end":{"line":77,"column":5}},"30":{"start":{"line":73,"column":24},"end":{"line":73,"column":73}},"31":{"start":{"line":74,"column":8},"end":{"line":74,"column":37}},"32":{"start":{"line":76,"column":8},"end":{"line":76,"column":37}},"33":{"start":{"line":82,"column":4},"end":{"line":87,"column":5}},"34":{"start":{"line":83,"column":24},"end":{"line":83,"column":79}},"35":{"start":{"line":84,"column":8},"end":{"line":84,"column":37}},"36":{"start":{"line":86,"column":8},"end":{"line":86,"column":37}},"37":{"start":{"line":91,"column":4},"end":{"line":96,"column":5}},"38":{"start":{"line":92,"column":24},"end":{"line":92,"column":81}},"39":{"start":{"line":93,"column":8},"end":{"line":93,"column":37}},"40":{"start":{"line":95,"column":8},"end":{"line":95,"column":37}},"41":{"start":{"line":100,"column":4},"end":{"line":105,"column":5}},"42":{"start":{"line":101,"column":24},"end":{"line":101,"column":81}},"43":{"start":{"line":102,"column":8},"end":{"line":102,"column":37}},"44":{"start":{"line":104,"column":8},"end":{"line":104,"column":37}},"45":{"start":{"line":109,"column":4},"end":{"line":114,"column":5}},"46":{"start":{"line":110,"column":24},"end":{"line":110,"column":83}},"47":{"start":{"line":111,"column":8},"end":{"line":111,"column":37}},"48":{"start":{"line":113,"column":8},"end":{"line":113,"column":37}},"49":{"start":{"line":118,"column":4},"end":{"line":123,"column":5}},"50":{"start":{"line":119,"column":24},"end":{"line":119,"column":84}},"51":{"start":{"line":120,"column":8},"end":{"line":120,"column":37}},"52":{"start":{"line":122,"column":8},"end":{"line":122,"column":37}},"53":{"start":{"line":127,"column":4},"end":{"line":132,"column":5}},"54":{"start":{"line":128,"column":24},"end":{"line":128,"column":81}},"55":{"start":{"line":129,"column":8},"end":{"line":129,"column":37}},"56":{"start":{"line":131,"column":8},"end":{"line":131,"column":37}},"57":{"start":{"line":137,"column":4},"end":{"line":142,"column":5}},"58":{"start":{"line":138,"column":24},"end":{"line":138,"column":63}},"59":{"start":{"line":139,"column":8},"end":{"line":139,"column":37}},"60":{"start":{"line":141,"column":8},"end":{"line":141,"column":37}},"61":{"start":{"line":147,"column":4},"end":{"line":152,"column":5}},"62":{"start":{"line":148,"column":28},"end":{"line":148,"column":56}},"63":{"start":{"line":149,"column":8},"end":{"line":149,"column":41}},"64":{"start":{"line":151,"column":8},"end":{"line":151,"column":37}},"65":{"start":{"line":157,"column":4},"end":{"line":162,"column":5}},"66":{"start":{"line":158,"column":28},"end":{"line":158,"column":56}},"67":{"start":{"line":159,"column":8},"end":{"line":159,"column":46}},"68":{"start":{"line":161,"column":8},"end":{"line":161,"column":38}},"69":{"start":{"line":166,"column":4},"end":{"line":171,"column":5}},"70":{"start":{"line":167,"column":28},"end":{"line":167,"column":79}},"71":{"start":{"line":168,"column":8},"end":{"line":168,"column":41}},"72":{"start":{"line":170,"column":8},"end":{"line":170,"column":35}},"73":{"start":{"line":175,"column":4},"end":{"line":180,"column":5}},"74":{"start":{"line":176,"column":28},"end":{"line":176,"column":81}},"75":{"start":{"line":177,"column":8},"end":{"line":177,"column":41}},"76":{"start":{"line":179,"column":8},"end":{"line":179,"column":35}},"77":{"start":{"line":184,"column":4},"end":{"line":189,"column":5}},"78":{"start":{"line":185,"column":31},"end":{"line":185,"column":85}},"79":{"start":{"line":186,"column":8},"end":{"line":186,"column":44}},"80":{"start":{"line":188,"column":8},"end":{"line":188,"column":35}},"81":{"start":{"line":193,"column":4},"end":{"line":198,"column":5}},"82":{"start":{"line":194,"column":31},"end":{"line":194,"column":87}},"83":{"start":{"line":195,"column":8},"end":{"line":195,"column":44}},"84":{"start":{"line":197,"column":8},"end":{"line":197,"column":35}},"85":{"start":{"line":204,"column":8},"end":{"line":209,"column":9}},"86":{"start":{"line":205,"column":31},"end":{"line":205,"column":89}},"87":{"start":{"line":206,"column":12},"end":{"line":206,"column":44}},"88":{"start":{"line":208,"column":12},"end":{"line":208,"column":39}},"89":{"start":{"line":214,"column":4},"end":{"line":219,"column":5}},"90":{"start":{"line":215,"column":27},"end":{"line":215,"column":90}},"91":{"start":{"line":216,"column":8},"end":{"line":216,"column":28}},"92":{"start":{"line":218,"column":8},"end":{"line":218,"column":35}},"93":{"start":{"line":224,"column":4},"end":{"line":229,"column":5}},"94":{"start":{"line":225,"column":25},"end":{"line":225,"column":81}},"95":{"start":{"line":226,"column":8},"end":{"line":226,"column":26}},"96":{"start":{"line":228,"column":8},"end":{"line":228,"column":35}},"97":{"start":{"line":234,"column":4},"end":{"line":239,"column":5}},"98":{"start":{"line":235,"column":25},"end":{"line":235,"column":86}},"99":{"start":{"line":236,"column":8},"end":{"line":236,"column":26}},"100":{"start":{"line":238,"column":8},"end":{"line":238,"column":35}},"101":{"start":{"line":244,"column":4},"end":{"line":250,"column":5}},"102":{"start":{"line":245,"column":22},"end":{"line":245,"column":57}},"103":{"start":{"line":246,"column":20},"end":{"line":246,"column":35}},"104":{"start":{"line":247,"column":8},"end":{"line":247,"column":30}},"105":{"start":{"line":249,"column":8},"end":{"line":249,"column":38}},"106":{"start":{"line":255,"column":4},"end":{"line":260,"column":5}},"107":{"start":{"line":256,"column":26},"end":{"line":256,"column":83}},"108":{"start":{"line":257,"column":8},"end":{"line":257,"column":39}},"109":{"start":{"line":259,"column":8},"end":{"line":259,"column":35}},"110":{"start":{"line":265,"column":4},"end":{"line":270,"column":5}},"111":{"start":{"line":266,"column":26},"end":{"line":266,"column":80}},"112":{"start":{"line":267,"column":8},"end":{"line":267,"column":39}},"113":{"start":{"line":269,"column":8},"end":{"line":269,"column":35}},"114":{"start":{"line":275,"column":4},"end":{"line":280,"column":5}},"115":{"start":{"line":276,"column":26},"end":{"line":276,"column":83}},"116":{"start":{"line":277,"column":8},"end":{"line":277,"column":39}},"117":{"start":{"line":279,"column":8},"end":{"line":279,"column":35}},"118":{"start":{"line":285,"column":4},"end":{"line":290,"column":5}},"119":{"start":{"line":286,"column":26},"end":{"line":286,"column":80}},"120":{"start":{"line":287,"column":8},"end":{"line":287,"column":39}},"121":{"start":{"line":289,"column":8},"end":{"line":289,"column":35}},"122":{"start":{"line":295,"column":4},"end":{"line":300,"column":5}},"123":{"start":{"line":296,"column":26},"end":{"line":296,"column":82}},"124":{"start":{"line":297,"column":8},"end":{"line":297,"column":39}},"125":{"start":{"line":299,"column":8},"end":{"line":299,"column":35}},"126":{"start":{"line":305,"column":4},"end":{"line":310,"column":5}},"127":{"start":{"line":306,"column":26},"end":{"line":306,"column":80}},"128":{"start":{"line":307,"column":8},"end":{"line":307,"column":39}},"129":{"start":{"line":309,"column":8},"end":{"line":309,"column":35}},"130":{"start":{"line":313,"column":0},"end":{"line":313,"column":619}}},"fnMap":{"0":{"name":"getAllEntries","decl":{"start":{"line":4,"column":15},"end":{"line":4,"column":28}},"loc":{"start":{"line":4,"column":39},"end":{"line":11,"column":1}},"line":4},"1":{"name":"autoAddUserEntry","decl":{"start":{"line":14,"column":15},"end":{"line":14,"column":31}},"loc":{"start":{"line":14,"column":42},"end":{"line":21,"column":1}},"line":14},"2":{"name":"getAllHabitsEntries","decl":{"start":{"line":26,"column":15},"end":{"line":26,"column":34}},"loc":{"start":{"line":26,"column":45},"end":{"line":33,"column":1}},"line":26},"3":{"name":"getSmokingEntries","decl":{"start":{"line":35,"column":15},"end":{"line":35,"column":32}},"loc":{"start":{"line":35,"column":43},"end":{"line":42,"column":1}},"line":35},"4":{"name":"getExerciseEntries","decl":{"start":{"line":44,"column":15},"end":{"line":44,"column":33}},"loc":{"start":{"line":44,"column":44},"end":{"line":51,"column":1}},"line":44},"5":{"name":"getWaterEntries","decl":{"start":{"line":53,"column":15},"end":{"line":53,"column":30}},"loc":{"start":{"line":53,"column":41},"end":{"line":60,"column":1}},"line":53},"6":{"name":"getMoneyEntries","decl":{"start":{"line":62,"column":15},"end":{"line":62,"column":30}},"loc":{"start":{"line":62,"column":41},"end":{"line":69,"column":1}},"line":62},"7":{"name":"getSleepEntries","decl":{"start":{"line":71,"column":15},"end":{"line":71,"column":30}},"loc":{"start":{"line":71,"column":41},"end":{"line":78,"column":1}},"line":71},"8":{"name":"getAllCalendarEntries","decl":{"start":{"line":81,"column":15},"end":{"line":81,"column":36}},"loc":{"start":{"line":81,"column":47},"end":{"line":88,"column":1}},"line":81},"9":{"name":"getSleepCalendarEntries","decl":{"start":{"line":90,"column":15},"end":{"line":90,"column":38}},"loc":{"start":{"line":90,"column":49},"end":{"line":97,"column":1}},"line":90},"10":{"name":"getWaterCalendarEntries","decl":{"start":{"line":99,"column":15},"end":{"line":99,"column":38}},"loc":{"start":{"line":99,"column":49},"end":{"line":106,"column":1}},"line":99},"11":{"name":"getSmokingCalendarEntries","decl":{"start":{"line":108,"column":15},"end":{"line":108,"column":40}},"loc":{"start":{"line":108,"column":51},"end":{"line":115,"column":1}},"line":108},"12":{"name":"getExerciseCalendarEntries","decl":{"start":{"line":117,"column":15},"end":{"line":117,"column":41}},"loc":{"start":{"line":117,"column":52},"end":{"line":124,"column":1}},"line":117},"13":{"name":"getMoneyCalendarEntries","decl":{"start":{"line":126,"column":15},"end":{"line":126,"column":38}},"loc":{"start":{"line":126,"column":49},"end":{"line":133,"column":1}},"line":126},"14":{"name":"getEntriesByUserId","decl":{"start":{"line":136,"column":15},"end":{"line":136,"column":33}},"loc":{"start":{"line":136,"column":44},"end":{"line":143,"column":1}},"line":136},"15":{"name":"createNewEntry","decl":{"start":{"line":146,"column":15},"end":{"line":146,"column":29}},"loc":{"start":{"line":146,"column":40},"end":{"line":153,"column":1}},"line":146},"16":{"name":"updateEntryById","decl":{"start":{"line":156,"column":15},"end":{"line":156,"column":30}},"loc":{"start":{"line":156,"column":41},"end":{"line":163,"column":1}},"line":156},"17":{"name":"completeSleep","decl":{"start":{"line":165,"column":15},"end":{"line":165,"column":28}},"loc":{"start":{"line":165,"column":39},"end":{"line":172,"column":1}},"line":165},"18":{"name":"incompleteSleep","decl":{"start":{"line":174,"column":15},"end":{"line":174,"column":30}},"loc":{"start":{"line":174,"column":41},"end":{"line":181,"column":1}},"line":174},"19":{"name":"completeExercise","decl":{"start":{"line":183,"column":15},"end":{"line":183,"column":31}},"loc":{"start":{"line":183,"column":42},"end":{"line":190,"column":1}},"line":183},"20":{"name":"incompleteExercise","decl":{"start":{"line":192,"column":15},"end":{"line":192,"column":33}},"loc":{"start":{"line":192,"column":44},"end":{"line":199,"column":1}},"line":192},"21":{"name":"increaseSmokingNum","decl":{"start":{"line":203,"column":15},"end":{"line":203,"column":33}},"loc":{"start":{"line":203,"column":44},"end":{"line":210,"column":1}},"line":203},"22":{"name":"decreaseSmokingNum","decl":{"start":{"line":213,"column":15},"end":{"line":213,"column":33}},"loc":{"start":{"line":213,"column":44},"end":{"line":220,"column":1}},"line":213},"23":{"name":"increaseWaterNum","decl":{"start":{"line":223,"column":15},"end":{"line":223,"column":31}},"loc":{"start":{"line":223,"column":42},"end":{"line":230,"column":1}},"line":223},"24":{"name":"decreaseWaterNum","decl":{"start":{"line":233,"column":15},"end":{"line":233,"column":31}},"loc":{"start":{"line":233,"column":42},"end":{"line":240,"column":1}},"line":233},"25":{"name":"deleteEntryById","decl":{"start":{"line":243,"column":15},"end":{"line":243,"column":30}},"loc":{"start":{"line":243,"column":41},"end":{"line":251,"column":1}},"line":243},"26":{"name":"getAllHabitsStreak","decl":{"start":{"line":254,"column":15},"end":{"line":254,"column":33}},"loc":{"start":{"line":254,"column":44},"end":{"line":261,"column":1}},"line":254},"27":{"name":"getSleepStreak","decl":{"start":{"line":264,"column":15},"end":{"line":264,"column":29}},"loc":{"start":{"line":264,"column":40},"end":{"line":271,"column":1}},"line":264},"28":{"name":"getExerciseStreak","decl":{"start":{"line":274,"column":15},"end":{"line":274,"column":32}},"loc":{"start":{"line":274,"column":43},"end":{"line":281,"column":1}},"line":274},"29":{"name":"getWaterStreak","decl":{"start":{"line":284,"column":15},"end":{"line":284,"column":29}},"loc":{"start":{"line":284,"column":40},"end":{"line":291,"column":1}},"line":284},"30":{"name":"getSmokingStreak","decl":{"start":{"line":294,"column":15},"end":{"line":294,"column":31}},"loc":{"start":{"line":294,"column":42},"end":{"line":301,"column":1}},"line":294},"31":{"name":"getMoneyStreak","decl":{"start":{"line":304,"column":15},"end":{"line":304,"column":29}},"loc":{"start":{"line":304,"column":40},"end":{"line":311,"column":1}},"line":304}},"branchMap":{},"s":{"0":1,"1":1,"2":1,"3":1,"4":0,"5":0,"6":0,"7":0,"8":0,"9":0,"10":0,"11":0,"12":0,"13":0,"14":0,"15":0,"16":0,"17":0,"18":0,"19":0,"20":0,"21":0,"22":0,"23":0,"24":0,"25":0,"26":0,"27":0,"28":0,"29":0,"30":0,"31":0,"32":0,"33":0,"34":0,"35":0,"36":0,"37":0,"38":0,"39":0,"40":0,"41":0,"42":0,"43":0,"44":0,"45":0,"46":0,"47":0,"48":0,"49":0,"50":0,"51":0,"52":0,"53":0,"54":0,"55":0,"56":0,"57":0,"58":0,"59":0,"60":0,"61":0,"62":0,"63":0,"64":0,"65":0,"66":0,"67":0,"68":0,"69":0,"70":0,"71":0,"72":0,"73":0,"74":0,"75":0,"76":0,"77":0,"78":0,"79":0,"80":0,"81":0,"82":0,"83":0,"84":0,"85":0,"86":0,"87":0,"88":0,"89":0,"90":0,"91":0,"92":0,"93":0,"94":0,"95":0,"96":0,"97":0,"98":0,"99":0,"100":0,"101":0,"102":0,"103":0,"104":0,"105":0,"106":0,"107":0,"108":0,"109":0,"110":0,"111":0,"112":0,"113":0,"114":0,"115":0,"116":0,"117":0,"118":0,"119":0,"120":0,"121":0,"122":0,"123":0,"124":0,"125":0,"126":0,"127":0,"128":0,"129":0,"130":1},"f":{"0":1,"1":0,"2":0,"3":0,"4":0,"5":0,"6":0,"7":0,"8":0,"9":0,"10":0,"11":0,"12":0,"13":0,"14":0,"15":0,"16":0,"17":0,"18":0,"19":0,"20":0,"21":0,"22":0,"23":0,"24":0,"25":0,"26":0,"27":0,"28":0,"29":0,"30":0,"31":0},"b":{},"_coverageSchema":"1a1c01bbd47fc00a2c39e90264f33305004495a9","hash":"b99e0a8c5d310f935ba8297d80e93783b00ec9b1"}
,"/code/controllers/tracks.js": {"path":"/code/controllers/tracks.js","statementMap":{"0":{"start":{"line":1,"column":17},"end":{"line":1,"column":43}},"1":{"start":{"line":2,"column":13},"end":{"line":2,"column":38}},"2":{"start":{"line":7,"column":4},"end":{"line":12,"column":5}},"3":{"start":{"line":8,"column":26},"end":{"line":8,"column":44}},"4":{"start":{"line":9,"column":8},"end":{"line":9,"column":39}},"5":{"start":{"line":11,"column":8},"end":{"line":11,"column":35}},"6":{"start":{"line":17,"column":4},"end":{"line":22,"column":5}},"7":{"start":{"line":18,"column":26},"end":{"line":18,"column":90}},"8":{"start":{"line":19,"column":8},"end":{"line":19,"column":39}},"9":{"start":{"line":21,"column":8},"end":{"line":21,"column":35}},"10":{"start":{"line":27,"column":4},"end":{"line":32,"column":5}},"11":{"start":{"line":28,"column":26},"end":{"line":28,"column":81}},"12":{"start":{"line":29,"column":8},"end":{"line":29,"column":39}},"13":{"start":{"line":31,"column":8},"end":{"line":31,"column":35}},"14":{"start":{"line":37,"column":4},"end":{"line":49,"column":5}},"15":{"start":{"line":38,"column":8},"end":{"line":40,"column":9}},"16":{"start":{"line":39,"column":12},"end":{"line":39,"column":27}},"17":{"start":{"line":40,"column":10},"end":{"line":43,"column":9}},"18":{"start":{"line":41,"column":29},"end":{"line":41,"column":60}},"19":{"start":{"line":42,"column":8},"end":{"line":42,"column":38}},"20":{"start":{"line":43,"column":9},"end":{"line":46,"column":9}},"21":{"start":{"line":44,"column":25},"end":{"line":44,"column":56}},"22":{"start":{"line":45,"column":8},"end":{"line":45,"column":38}},"23":{"start":{"line":48,"column":8},"end":{"line":48,"column":35}},"24":{"start":{"line":54,"column":4},"end":{"line":59,"column":5}},"25":{"start":{"line":55,"column":26},"end":{"line":55,"column":84}},"26":{"start":{"line":56,"column":8},"end":{"line":56,"column":39}},"27":{"start":{"line":58,"column":8},"end":{"line":58,"column":35}},"28":{"start":{"line":64,"column":4},"end":{"line":69,"column":5}},"29":{"start":{"line":65,"column":26},"end":{"line":65,"column":78}},"30":{"start":{"line":66,"column":8},"end":{"line":66,"column":39}},"31":{"start":{"line":68,"column":8},"end":{"line":68,"column":35}},"32":{"start":{"line":73,"column":0},"end":{"line":73,"column":175}}},"fnMap":{"0":{"name":"getAllTracking","decl":{"start":{"line":6,"column":15},"end":{"line":6,"column":29}},"loc":{"start":{"line":6,"column":40},"end":{"line":13,"column":1}},"line":6},"1":{"name":"getUserTrackingsByUsername","decl":{"start":{"line":16,"column":15},"end":{"line":16,"column":41}},"loc":{"start":{"line":16,"column":52},"end":{"line":23,"column":1}},"line":16},"2":{"name":"getUserTrackingsByUserId","decl":{"start":{"line":26,"column":15},"end":{"line":26,"column":39}},"loc":{"start":{"line":26,"column":50},"end":{"line":33,"column":1}},"line":26},"3":{"name":"updateUSerTrackings","decl":{"start":{"line":36,"column":15},"end":{"line":36,"column":34}},"loc":{"start":{"line":36,"column":45},"end":{"line":50,"column":1}},"line":36},"4":{"name":"getCurrentTrackingDataByUsername","decl":{"start":{"line":53,"column":15},"end":{"line":53,"column":47}},"loc":{"start":{"line":53,"column":58},"end":{"line":60,"column":1}},"line":53},"5":{"name":"getCurrentTrackingDataByUserId","decl":{"start":{"line":63,"column":15},"end":{"line":63,"column":45}},"loc":{"start":{"line":63,"column":56},"end":{"line":70,"column":1}},"line":63}},"branchMap":{"0":{"loc":{"start":{"line":38,"column":8},"end":{"line":40,"column":9}},"type":"if","locations":[{"start":{"line":38,"column":8},"end":{"line":40,"column":9}},{"start":{},"end":{}}],"line":38},"1":{"loc":{"start":{"line":40,"column":10},"end":{"line":43,"column":9}},"type":"if","locations":[{"start":{"line":40,"column":10},"end":{"line":43,"column":9}},{"start":{},"end":{}}],"line":40},"2":{"loc":{"start":{"line":43,"column":9},"end":{"line":46,"column":9}},"type":"if","locations":[{"start":{"line":43,"column":9},"end":{"line":46,"column":9}},{"start":{},"end":{}}],"line":43}},"s":{"0":1,"1":1,"2":1,"3":1,"4":1,"5":0,"6":0,"7":0,"8":0,"9":0,"10":0,"11":0,"12":0,"13":0,"14":0,"15":0,"16":0,"17":0,"18":0,"19":0,"20":0,"21":0,"22":0,"23":0,"24":0,"25":0,"26":0,"27":0,"28":0,"29":0,"30":0,"31":0,"32":1},"f":{"0":1,"1":0,"2":0,"3":0,"4":0,"5":0},"b":{"0":[0,0],"1":[0,0],"2":[0,0]},"_coverageSchema":"1a1c01bbd47fc00a2c39e90264f33305004495a9","hash":"092db19ea8cd05f63dd36dd8538b89d9d2b4c550"}
,"/code/controllers/users.js": {"path":"/code/controllers/users.js","statementMap":{"0":{"start":{"line":1,"column":13},"end":{"line":1,"column":38}},"1":{"start":{"line":6,"column":4},"end":{"line":12,"column":5}},"2":{"start":{"line":8,"column":22},"end":{"line":8,"column":36}},"3":{"start":{"line":9,"column":8},"end":{"line":9,"column":35}},"4":{"start":{"line":11,"column":8},"end":{"line":11,"column":35}},"5":{"start":{"line":17,"column":4},"end":{"line":22,"column":5}},"6":{"start":{"line":18,"column":22},"end":{"line":18,"column":68}},"7":{"start":{"line":19,"column":8},"end":{"line":19,"column":35}},"8":{"start":{"line":21,"column":8},"end":{"line":21,"column":35}},"9":{"start":{"line":27,"column":4},"end":{"line":32,"column":5}},"10":{"start":{"line":28,"column":22},"end":{"line":28,"column":56}},"11":{"start":{"line":29,"column":8},"end":{"line":29,"column":35}},"12":{"start":{"line":31,"column":8},"end":{"line":31,"column":35}},"13":{"start":{"line":35,"column":0},"end":{"line":35,"column":50}}},"fnMap":{"0":{"name":"index","decl":{"start":{"line":5,"column":15},"end":{"line":5,"column":20}},"loc":{"start":{"line":5,"column":31},"end":{"line":13,"column":1}},"line":5},"1":{"name":"getByUsername","decl":{"start":{"line":16,"column":15},"end":{"line":16,"column":28}},"loc":{"start":{"line":16,"column":39},"end":{"line":23,"column":1}},"line":16},"2":{"name":"getById","decl":{"start":{"line":26,"column":15},"end":{"line":26,"column":22}},"loc":{"start":{"line":26,"column":33},"end":{"line":33,"column":1}},"line":26}},"branchMap":{},"s":{"0":1,"1":1,"2":1,"3":1,"4":0,"5":0,"6":0,"7":0,"8":0,"9":0,"10":0,"11":0,"12":0,"13":1},"f":{"0":1,"1":0,"2":0},"b":{},"_coverageSchema":"1a1c01bbd47fc00a2c39e90264f33305004495a9","hash":"b8e452a56952f79f371a0569763ef1dc0069e64e"}
,"/code/dbConfig/init.js": {"path":"/code/dbConfig/init.js","statementMap":{"0":{"start":{"line":1,"column":17},"end":{"line":1,"column":30}},"1":{"start":{"line":3,"column":13},"end":{"line":3,"column":23}},"2":{"start":{"line":5,"column":0},"end":{"line":5,"column":22}}},"fnMap":{},"branchMap":{},"s":{"0":3,"1":3,"2":3},"f":{},"b":{},"_coverageSchema":"1a1c01bbd47fc00a2c39e90264f33305004495a9","hash":"d3d3ebe121be0683aebd27677f9bf0c7419fde5d"}
,"/code/models/entry.js": {"path":"/code/models/entry.js","statementMap":{"0":{"start":{"line":1,"column":11},"end":{"line":1,"column":33}},"1":{"start":{"line":2,"column":13},"end":{"line":2,"column":30}},"2":{"start":{"line":3,"column":17},"end":{"line":3,"column":35}},"3":{"start":{"line":6,"column":8},"end":{"line":6,"column":25}},"4":{"start":{"line":7,"column":8},"end":{"line":7,"column":35}},"5":{"start":{"line":8,"column":8},"end":{"line":8,"column":43}},"6":{"start":{"line":9,"column":8},"end":{"line":9,"column":49}},"7":{"start":{"line":10,"column":8},"end":{"line":10,"column":43}},"8":{"start":{"line":11,"column":8},"end":{"line":11,"column":47}},"9":{"start":{"line":12,"column":8},"end":{"line":12,"column":43}},"10":{"start":{"line":13,"column":8},"end":{"line":13,"column":41}},"11":{"start":{"line":18,"column":8},"end":{"line":26,"column":10}},"12":{"start":{"line":19,"column":12},"end":{"line":25,"column":13}},"13":{"start":{"line":20,"column":31},"end":{"line":20,"column":71}},"14":{"start":{"line":21,"column":32},"end":{"line":21,"column":66}},"15":{"start":{"line":21,"column":53},"end":{"line":21,"column":65}},"16":{"start":{"line":22,"column":16},"end":{"line":22,"column":32}},"17":{"start":{"line":24,"column":16},"end":{"line":24,"column":58}},"18":{"start":{"line":32,"column":8},"end":{"line":41,"column":10}},"19":{"start":{"line":33,"column":12},"end":{"line":40,"column":13}},"20":{"start":{"line":34,"column":32},"end":{"line":34,"column":104}},"21":{"start":{"line":35,"column":28},"end":{"line":35,"column":56}},"22":{"start":{"line":36,"column":16},"end":{"line":36,"column":32}},"23":{"start":{"line":38,"column":16},"end":{"line":38,"column":42}},"24":{"start":{"line":39,"column":16},"end":{"line":39,"column":33}},"25":{"start":{"line":47,"column":8},"end":{"line":59,"column":10}},"26":{"start":{"line":48,"column":12},"end":{"line":58,"column":13}},"27":{"start":{"line":49,"column":109},"end":{"line":49,"column":118}},"28":{"start":{"line":50,"column":16},"end":{"line":50,"column":35}},"29":{"start":{"line":51,"column":35},"end":{"line":51,"column":285}},"30":{"start":{"line":52,"column":31},"end":{"line":52,"column":62}},"31":{"start":{"line":53,"column":16},"end":{"line":53,"column":38}},"32":{"start":{"line":54,"column":16},"end":{"line":54,"column":36}},"33":{"start":{"line":56,"column":16},"end":{"line":56,"column":33}},"34":{"start":{"line":57,"column":16},"end":{"line":57,"column":53}},"35":{"start":{"line":89,"column":8},"end":{"line":104,"column":11}},"36":{"start":{"line":90,"column":12},"end":{"line":103,"column":13}},"37":{"start":{"line":91,"column":109},"end":{"line":91,"column":114}},"38":{"start":{"line":93,"column":39},"end":{"line":97,"column":155}},"39":{"start":{"line":98,"column":35},"end":{"line":98,"column":70}},"40":{"start":{"line":99,"column":16},"end":{"line":99,"column":39}},"41":{"start":{"line":101,"column":16},"end":{"line":101,"column":33}},"42":{"start":{"line":102,"column":16},"end":{"line":102,"column":47}},"43":{"start":{"line":111,"column":8},"end":{"line":119,"column":10}},"44":{"start":{"line":112,"column":12},"end":{"line":118,"column":13}},"45":{"start":{"line":113,"column":31},"end":{"line":113,"column":103}},"46":{"start":{"line":114,"column":16},"end":{"line":114,"column":44}},"47":{"start":{"line":116,"column":16},"end":{"line":116,"column":52}},"48":{"start":{"line":117,"column":16},"end":{"line":117,"column":32}},"49":{"start":{"line":124,"column":8},"end":{"line":141,"column":10}},"50":{"start":{"line":125,"column":12},"end":{"line":140,"column":13}},"51":{"start":{"line":126,"column":27},"end":{"line":126,"column":62}},"52":{"start":{"line":128,"column":31},"end":{"line":128,"column":128}},"53":{"start":{"line":130,"column":32},"end":{"line":130,"column":66}},"54":{"start":{"line":130,"column":53},"end":{"line":130,"column":65}},"55":{"start":{"line":131,"column":32},"end":{"line":131,"column":45}},"56":{"start":{"line":132,"column":39},"end":{"line":136,"column":89}},"57":{"start":{"line":137,"column":16},"end":{"line":137,"column":43}},"58":{"start":{"line":139,"column":16},"end":{"line":139,"column":60}},"59":{"start":{"line":144,"column":8},"end":{"line":161,"column":10}},"60":{"start":{"line":145,"column":12},"end":{"line":160,"column":13}},"61":{"start":{"line":146,"column":27},"end":{"line":146,"column":62}},"62":{"start":{"line":148,"column":31},"end":{"line":148,"column":128}},"63":{"start":{"line":150,"column":32},"end":{"line":150,"column":66}},"64":{"start":{"line":150,"column":53},"end":{"line":150,"column":65}},"65":{"start":{"line":151,"column":32},"end":{"line":151,"column":45}},"66":{"start":{"line":152,"column":39},"end":{"line":156,"column":88}},"67":{"start":{"line":157,"column":16},"end":{"line":157,"column":43}},"68":{"start":{"line":159,"column":16},"end":{"line":159,"column":60}},"69":{"start":{"line":164,"column":8},"end":{"line":181,"column":10}},"70":{"start":{"line":165,"column":12},"end":{"line":180,"column":13}},"71":{"start":{"line":166,"column":27},"end":{"line":166,"column":62}},"72":{"start":{"line":168,"column":31},"end":{"line":168,"column":128}},"73":{"start":{"line":170,"column":32},"end":{"line":170,"column":66}},"74":{"start":{"line":170,"column":53},"end":{"line":170,"column":65}},"75":{"start":{"line":171,"column":32},"end":{"line":171,"column":45}},"76":{"start":{"line":172,"column":39},"end":{"line":176,"column":89}},"77":{"start":{"line":177,"column":16},"end":{"line":177,"column":43}},"78":{"start":{"line":179,"column":16},"end":{"line":179,"column":60}},"79":{"start":{"line":184,"column":8},"end":{"line":201,"column":10}},"80":{"start":{"line":185,"column":12},"end":{"line":200,"column":13}},"81":{"start":{"line":186,"column":27},"end":{"line":186,"column":62}},"82":{"start":{"line":188,"column":31},"end":{"line":188,"column":128}},"83":{"start":{"line":190,"column":32},"end":{"line":190,"column":66}},"84":{"start":{"line":190,"column":53},"end":{"line":190,"column":65}},"85":{"start":{"line":191,"column":32},"end":{"line":191,"column":45}},"86":{"start":{"line":192,"column":39},"end":{"line":196,"column":101}},"87":{"start":{"line":197,"column":16},"end":{"line":197,"column":43}},"88":{"start":{"line":199,"column":16},"end":{"line":199,"column":60}},"89":{"start":{"line":206,"column":8},"end":{"line":227,"column":10}},"90":{"start":{"line":207,"column":12},"end":{"line":226,"column":13}},"91":{"start":{"line":208,"column":27},"end":{"line":208,"column":62}},"92":{"start":{"line":210,"column":31},"end":{"line":210,"column":128}},"93":{"start":{"line":212,"column":32},"end":{"line":212,"column":66}},"94":{"start":{"line":212,"column":53},"end":{"line":212,"column":65}},"95":{"start":{"line":214,"column":36},"end":{"line":214,"column":60}},"96":{"start":{"line":215,"column":33},"end":{"line":215,"column":48}},"97":{"start":{"line":217,"column":32},"end":{"line":217,"column":45}},"98":{"start":{"line":218,"column":39},"end":{"line":222,"column":92}},"99":{"start":{"line":223,"column":16},"end":{"line":223,"column":43}},"100":{"start":{"line":225,"column":16},"end":{"line":225,"column":60}},"101":{"start":{"line":230,"column":8},"end":{"line":251,"column":10}},"102":{"start":{"line":231,"column":12},"end":{"line":250,"column":13}},"103":{"start":{"line":232,"column":27},"end":{"line":232,"column":62}},"104":{"start":{"line":234,"column":31},"end":{"line":234,"column":128}},"105":{"start":{"line":236,"column":32},"end":{"line":236,"column":66}},"106":{"start":{"line":236,"column":53},"end":{"line":236,"column":65}},"107":{"start":{"line":238,"column":36},"end":{"line":238,"column":60}},"108":{"start":{"line":239,"column":33},"end":{"line":239,"column":48}},"109":{"start":{"line":241,"column":32},"end":{"line":241,"column":45}},"110":{"start":{"line":242,"column":39},"end":{"line":246,"column":92}},"111":{"start":{"line":247,"column":16},"end":{"line":247,"column":43}},"112":{"start":{"line":249,"column":16},"end":{"line":249,"column":60}},"113":{"start":{"line":256,"column":8},"end":{"line":277,"column":10}},"114":{"start":{"line":257,"column":12},"end":{"line":276,"column":13}},"115":{"start":{"line":258,"column":27},"end":{"line":258,"column":62}},"116":{"start":{"line":260,"column":31},"end":{"line":260,"column":128}},"117":{"start":{"line":262,"column":32},"end":{"line":262,"column":66}},"118":{"start":{"line":262,"column":53},"end":{"line":262,"column":65}},"119":{"start":{"line":264,"column":36},"end":{"line":264,"column":58}},"120":{"start":{"line":265,"column":33},"end":{"line":265,"column":48}},"121":{"start":{"line":267,"column":32},"end":{"line":267,"column":45}},"122":{"start":{"line":268,"column":39},"end":{"line":272,"column":93}},"123":{"start":{"line":273,"column":16},"end":{"line":273,"column":43}},"124":{"start":{"line":275,"column":16},"end":{"line":275,"column":60}},"125":{"start":{"line":282,"column":4},"end":{"line":303,"column":6}},"126":{"start":{"line":283,"column":8},"end":{"line":302,"column":9}},"127":{"start":{"line":284,"column":23},"end":{"line":284,"column":58}},"128":{"start":{"line":286,"column":27},"end":{"line":286,"column":124}},"129":{"start":{"line":288,"column":28},"end":{"line":288,"column":62}},"130":{"start":{"line":288,"column":49},"end":{"line":288,"column":61}},"131":{"start":{"line":290,"column":32},"end":{"line":290,"column":54}},"132":{"start":{"line":291,"column":29},"end":{"line":291,"column":44}},"133":{"start":{"line":293,"column":28},"end":{"line":293,"column":41}},"134":{"start":{"line":294,"column":35},"end":{"line":298,"column":89}},"135":{"start":{"line":299,"column":12},"end":{"line":299,"column":39}},"136":{"start":{"line":301,"column":12},"end":{"line":301,"column":56}},"137":{"start":{"line":310,"column":8},"end":{"line":325,"column":10}},"138":{"start":{"line":311,"column":12},"end":{"line":324,"column":13}},"139":{"start":{"line":312,"column":30},"end":{"line":312,"column":31}},"140":{"start":{"line":313,"column":27},"end":{"line":313,"column":62}},"141":{"start":{"line":314,"column":31},"end":{"line":314,"column":128}},"142":{"start":{"line":315,"column":32},"end":{"line":315,"column":66}},"143":{"start":{"line":315,"column":53},"end":{"line":315,"column":65}},"144":{"start":{"line":317,"column":16},"end":{"line":320,"column":17}},"145":{"start":{"line":317,"column":29},"end":{"line":317,"column":30}},"146":{"start":{"line":318,"column":20},"end":{"line":318,"column":67}},"147":{"start":{"line":318,"column":59},"end":{"line":318,"column":65}},"148":{"start":{"line":319,"column":20},"end":{"line":319,"column":32}},"149":{"start":{"line":321,"column":16},"end":{"line":321,"column":34}},"150":{"start":{"line":323,"column":16},"end":{"line":323,"column":60}},"151":{"start":{"line":328,"column":8},"end":{"line":342,"column":10}},"152":{"start":{"line":329,"column":12},"end":{"line":341,"column":13}},"153":{"start":{"line":330,"column":30},"end":{"line":330,"column":31}},"154":{"start":{"line":331,"column":27},"end":{"line":331,"column":62}},"155":{"start":{"line":332,"column":31},"end":{"line":332,"column":128}},"156":{"start":{"line":333,"column":32},"end":{"line":333,"column":66}},"157":{"start":{"line":333,"column":53},"end":{"line":333,"column":65}},"158":{"start":{"line":334,"column":16},"end":{"line":337,"column":17}},"159":{"start":{"line":334,"column":29},"end":{"line":334,"column":30}},"160":{"start":{"line":335,"column":20},"end":{"line":335,"column":70}},"161":{"start":{"line":335,"column":62},"end":{"line":335,"column":68}},"162":{"start":{"line":336,"column":20},"end":{"line":336,"column":32}},"163":{"start":{"line":338,"column":16},"end":{"line":338,"column":34}},"164":{"start":{"line":340,"column":16},"end":{"line":340,"column":60}},"165":{"start":{"line":345,"column":8},"end":{"line":359,"column":10}},"166":{"start":{"line":346,"column":12},"end":{"line":358,"column":13}},"167":{"start":{"line":347,"column":30},"end":{"line":347,"column":31}},"168":{"start":{"line":348,"column":27},"end":{"line":348,"column":62}},"169":{"start":{"line":349,"column":31},"end":{"line":349,"column":128}},"170":{"start":{"line":350,"column":32},"end":{"line":350,"column":66}},"171":{"start":{"line":350,"column":53},"end":{"line":350,"column":65}},"172":{"start":{"line":351,"column":16},"end":{"line":354,"column":17}},"173":{"start":{"line":351,"column":29},"end":{"line":351,"column":30}},"174":{"start":{"line":352,"column":20},"end":{"line":352,"column":62}},"175":{"start":{"line":352,"column":54},"end":{"line":352,"column":60}},"176":{"start":{"line":353,"column":20},"end":{"line":353,"column":32}},"177":{"start":{"line":355,"column":16},"end":{"line":355,"column":34}},"178":{"start":{"line":357,"column":16},"end":{"line":357,"column":60}},"179":{"start":{"line":362,"column":8},"end":{"line":377,"column":10}},"180":{"start":{"line":363,"column":12},"end":{"line":376,"column":13}},"181":{"start":{"line":364,"column":30},"end":{"line":364,"column":31}},"182":{"start":{"line":365,"column":27},"end":{"line":365,"column":62}},"183":{"start":{"line":366,"column":31},"end":{"line":366,"column":128}},"184":{"start":{"line":367,"column":32},"end":{"line":367,"column":66}},"185":{"start":{"line":367,"column":53},"end":{"line":367,"column":65}},"186":{"start":{"line":368,"column":29},"end":{"line":368,"column":119}},"187":{"start":{"line":369,"column":16},"end":{"line":372,"column":17}},"188":{"start":{"line":369,"column":29},"end":{"line":369,"column":30}},"189":{"start":{"line":370,"column":20},"end":{"line":370,"column":83}},"190":{"start":{"line":370,"column":75},"end":{"line":370,"column":81}},"191":{"start":{"line":371,"column":20},"end":{"line":371,"column":32}},"192":{"start":{"line":373,"column":16},"end":{"line":373,"column":34}},"193":{"start":{"line":375,"column":16},"end":{"line":375,"column":60}},"194":{"start":{"line":380,"column":8},"end":{"line":395,"column":10}},"195":{"start":{"line":381,"column":12},"end":{"line":394,"column":13}},"196":{"start":{"line":382,"column":30},"end":{"line":382,"column":31}},"197":{"start":{"line":383,"column":27},"end":{"line":383,"column":62}},"198":{"start":{"line":384,"column":31},"end":{"line":384,"column":128}},"199":{"start":{"line":385,"column":32},"end":{"line":385,"column":66}},"200":{"start":{"line":385,"column":53},"end":{"line":385,"column":65}},"201":{"start":{"line":386,"column":29},"end":{"line":386,"column":121}},"202":{"start":{"line":387,"column":16},"end":{"line":390,"column":17}},"203":{"start":{"line":387,"column":29},"end":{"line":387,"column":30}},"204":{"start":{"line":388,"column":20},"end":{"line":388,"column":87}},"205":{"start":{"line":388,"column":79},"end":{"line":388,"column":85}},"206":{"start":{"line":389,"column":20},"end":{"line":389,"column":32}},"207":{"start":{"line":391,"column":16},"end":{"line":391,"column":34}},"208":{"start":{"line":393,"column":16},"end":{"line":393,"column":60}},"209":{"start":{"line":398,"column":8},"end":{"line":459,"column":10}},"210":{"start":{"line":399,"column":12},"end":{"line":458,"column":13}},"211":{"start":{"line":401,"column":34},"end":{"line":401,"column":36}},"212":{"start":{"line":403,"column":27},"end":{"line":403,"column":62}},"213":{"start":{"line":405,"column":37},"end":{"line":405,"column":108}},"214":{"start":{"line":407,"column":31},"end":{"line":407,"column":128}},"215":{"start":{"line":408,"column":32},"end":{"line":408,"column":66}},"216":{"start":{"line":408,"column":53},"end":{"line":408,"column":65}},"217":{"start":{"line":410,"column":16},"end":{"line":417,"column":17}},"218":{"start":{"line":411,"column":39},"end":{"line":411,"column":40}},"219":{"start":{"line":412,"column":20},"end":{"line":415,"column":21}},"220":{"start":{"line":412,"column":33},"end":{"line":412,"column":34}},"221":{"start":{"line":413,"column":24},"end":{"line":413,"column":71}},"222":{"start":{"line":413,"column":63},"end":{"line":413,"column":69}},"223":{"start":{"line":414,"column":24},"end":{"line":414,"column":41}},"224":{"start":{"line":416,"column":20},"end":{"line":416,"column":50}},"225":{"start":{"line":418,"column":16},"end":{"line":425,"column":17}},"226":{"start":{"line":419,"column":42},"end":{"line":419,"column":43}},"227":{"start":{"line":420,"column":20},"end":{"line":423,"column":21}},"228":{"start":{"line":420,"column":33},"end":{"line":420,"column":34}},"229":{"start":{"line":421,"column":24},"end":{"line":421,"column":74}},"230":{"start":{"line":421,"column":66},"end":{"line":421,"column":72}},"231":{"start":{"line":422,"column":24},"end":{"line":422,"column":44}},"232":{"start":{"line":424,"column":20},"end":{"line":424,"column":53}},"233":{"start":{"line":426,"column":16},"end":{"line":433,"column":17}},"234":{"start":{"line":427,"column":39},"end":{"line":427,"column":40}},"235":{"start":{"line":428,"column":20},"end":{"line":431,"column":21}},"236":{"start":{"line":428,"column":33},"end":{"line":428,"column":34}},"237":{"start":{"line":429,"column":24},"end":{"line":429,"column":66}},"238":{"start":{"line":429,"column":58},"end":{"line":429,"column":64}},"239":{"start":{"line":430,"column":24},"end":{"line":430,"column":41}},"240":{"start":{"line":432,"column":20},"end":{"line":432,"column":50}},"241":{"start":{"line":434,"column":16},"end":{"line":442,"column":17}},"242":{"start":{"line":435,"column":38},"end":{"line":435,"column":128}},"243":{"start":{"line":436,"column":39},"end":{"line":436,"column":40}},"244":{"start":{"line":437,"column":20},"end":{"line":440,"column":21}},"245":{"start":{"line":437,"column":33},"end":{"line":437,"column":34}},"246":{"start":{"line":438,"column":24},"end":{"line":438,"column":92}},"247":{"start":{"line":438,"column":84},"end":{"line":438,"column":90}},"248":{"start":{"line":439,"column":24},"end":{"line":439,"column":41}},"249":{"start":{"line":441,"column":20},"end":{"line":441,"column":50}},"250":{"start":{"line":443,"column":16},"end":{"line":451,"column":17}},"251":{"start":{"line":444,"column":41},"end":{"line":444,"column":42}},"252":{"start":{"line":445,"column":40},"end":{"line":445,"column":132}},"253":{"start":{"line":446,"column":20},"end":{"line":449,"column":21}},"254":{"start":{"line":446,"column":33},"end":{"line":446,"column":34}},"255":{"start":{"line":447,"column":24},"end":{"line":447,"column":98}},"256":{"start":{"line":447,"column":90},"end":{"line":447,"column":96}},"257":{"start":{"line":448,"column":24},"end":{"line":448,"column":43}},"258":{"start":{"line":450,"column":20},"end":{"line":450,"column":52}},"259":{"start":{"line":453,"column":16},"end":{"line":453,"column":34}},"260":{"start":{"line":455,"column":16},"end":{"line":455,"column":40}},"261":{"start":{"line":457,"column":16},"end":{"line":457,"column":60}},"262":{"start":{"line":463,"column":8},"end":{"line":524,"column":10}},"263":{"start":{"line":464,"column":12},"end":{"line":523,"column":13}},"264":{"start":{"line":466,"column":39},"end":{"line":466,"column":54}},"265":{"start":{"line":467,"column":34},"end":{"line":467,"column":35}},"266":{"start":{"line":469,"column":27},"end":{"line":469,"column":62}},"267":{"start":{"line":471,"column":37},"end":{"line":471,"column":108}},"268":{"start":{"line":473,"column":31},"end":{"line":473,"column":128}},"269":{"start":{"line":474,"column":32},"end":{"line":474,"column":66}},"270":{"start":{"line":474,"column":53},"end":{"line":474,"column":65}},"271":{"start":{"line":477,"column":16},"end":{"line":484,"column":17}},"272":{"start":{"line":478,"column":20},"end":{"line":478,"column":37}},"273":{"start":{"line":479,"column":20},"end":{"line":483,"column":21}},"274":{"start":{"line":479,"column":33},"end":{"line":479,"column":34}},"275":{"start":{"line":480,"column":24},"end":{"line":482,"column":25}},"276":{"start":{"line":481,"column":28},"end":{"line":481,"column":53}},"277":{"start":{"line":485,"column":16},"end":{"line":492,"column":17}},"278":{"start":{"line":486,"column":20},"end":{"line":486,"column":37}},"279":{"start":{"line":487,"column":20},"end":{"line":491,"column":21}},"280":{"start":{"line":487,"column":33},"end":{"line":487,"column":34}},"281":{"start":{"line":488,"column":24},"end":{"line":490,"column":25}},"282":{"start":{"line":489,"column":28},"end":{"line":489,"column":53}},"283":{"start":{"line":493,"column":16},"end":{"line":500,"column":17}},"284":{"start":{"line":494,"column":20},"end":{"line":494,"column":37}},"285":{"start":{"line":495,"column":20},"end":{"line":499,"column":21}},"286":{"start":{"line":495,"column":33},"end":{"line":495,"column":34}},"287":{"start":{"line":496,"column":24},"end":{"line":498,"column":25}},"288":{"start":{"line":497,"column":28},"end":{"line":497,"column":53}},"289":{"start":{"line":501,"column":16},"end":{"line":509,"column":17}},"290":{"start":{"line":502,"column":38},"end":{"line":502,"column":128}},"291":{"start":{"line":503,"column":20},"end":{"line":503,"column":37}},"292":{"start":{"line":504,"column":20},"end":{"line":508,"column":21}},"293":{"start":{"line":504,"column":33},"end":{"line":504,"column":34}},"294":{"start":{"line":505,"column":24},"end":{"line":507,"column":25}},"295":{"start":{"line":506,"column":28},"end":{"line":506,"column":53}},"296":{"start":{"line":510,"column":16},"end":{"line":518,"column":17}},"297":{"start":{"line":511,"column":40},"end":{"line":511,"column":132}},"298":{"start":{"line":512,"column":20},"end":{"line":512,"column":37}},"299":{"start":{"line":513,"column":20},"end":{"line":517,"column":21}},"300":{"start":{"line":513,"column":33},"end":{"line":513,"column":34}},"301":{"start":{"line":514,"column":24},"end":{"line":516,"column":25}},"302":{"start":{"line":515,"column":28},"end":{"line":515,"column":53}},"303":{"start":{"line":519,"column":46},"end":{"line":519,"column":118}},"304":{"start":{"line":519,"column":78},"end":{"line":519,"column":117}},"305":{"start":{"line":520,"column":16},"end":{"line":520,"column":47}},"306":{"start":{"line":522,"column":16},"end":{"line":522,"column":60}},"307":{"start":{"line":527,"column":8},"end":{"line":540,"column":10}},"308":{"start":{"line":528,"column":12},"end":{"line":539,"column":13}},"309":{"start":{"line":529,"column":46},"end":{"line":529,"column":48}},"310":{"start":{"line":530,"column":27},"end":{"line":530,"column":62}},"311":{"start":{"line":531,"column":31},"end":{"line":531,"column":128}},"312":{"start":{"line":532,"column":32},"end":{"line":532,"column":66}},"313":{"start":{"line":532,"column":53},"end":{"line":532,"column":65}},"314":{"start":{"line":533,"column":16},"end":{"line":535,"column":17}},"315":{"start":{"line":533,"column":29},"end":{"line":533,"column":30}},"316":{"start":{"line":534,"column":20},"end":{"line":534,"column":73}},"317":{"start":{"line":536,"column":16},"end":{"line":536,"column":48}},"318":{"start":{"line":538,"column":16},"end":{"line":538,"column":60}},"319":{"start":{"line":543,"column":8},"end":{"line":556,"column":10}},"320":{"start":{"line":544,"column":12},"end":{"line":555,"column":13}},"321":{"start":{"line":545,"column":45},"end":{"line":545,"column":47}},"322":{"start":{"line":546,"column":27},"end":{"line":546,"column":62}},"323":{"start":{"line":547,"column":31},"end":{"line":547,"column":128}},"324":{"start":{"line":548,"column":32},"end":{"line":548,"column":66}},"325":{"start":{"line":548,"column":53},"end":{"line":548,"column":65}},"326":{"start":{"line":549,"column":16},"end":{"line":551,"column":17}},"327":{"start":{"line":549,"column":29},"end":{"line":549,"column":30}},"328":{"start":{"line":550,"column":20},"end":{"line":550,"column":71}},"329":{"start":{"line":552,"column":16},"end":{"line":552,"column":47}},"330":{"start":{"line":554,"column":16},"end":{"line":554,"column":60}},"331":{"start":{"line":559,"column":8},"end":{"line":572,"column":10}},"332":{"start":{"line":560,"column":12},"end":{"line":571,"column":13}},"333":{"start":{"line":561,"column":43},"end":{"line":561,"column":45}},"334":{"start":{"line":562,"column":27},"end":{"line":562,"column":62}},"335":{"start":{"line":563,"column":31},"end":{"line":563,"column":128}},"336":{"start":{"line":564,"column":32},"end":{"line":564,"column":66}},"337":{"start":{"line":564,"column":53},"end":{"line":564,"column":65}},"338":{"start":{"line":565,"column":16},"end":{"line":567,"column":17}},"339":{"start":{"line":565,"column":29},"end":{"line":565,"column":30}},"340":{"start":{"line":566,"column":20},"end":{"line":566,"column":67}},"341":{"start":{"line":568,"column":16},"end":{"line":568,"column":45}},"342":{"start":{"line":570,"column":16},"end":{"line":570,"column":60}},"343":{"start":{"line":575,"column":8},"end":{"line":588,"column":10}},"344":{"start":{"line":576,"column":12},"end":{"line":587,"column":13}},"345":{"start":{"line":577,"column":43},"end":{"line":577,"column":45}},"346":{"start":{"line":578,"column":27},"end":{"line":578,"column":62}},"347":{"start":{"line":579,"column":31},"end":{"line":579,"column":128}},"348":{"start":{"line":580,"column":32},"end":{"line":580,"column":66}},"349":{"start":{"line":580,"column":53},"end":{"line":580,"column":65}},"350":{"start":{"line":581,"column":16},"end":{"line":583,"column":17}},"351":{"start":{"line":581,"column":29},"end":{"line":581,"column":30}},"352":{"start":{"line":582,"column":20},"end":{"line":582,"column":67}},"353":{"start":{"line":584,"column":16},"end":{"line":584,"column":45}},"354":{"start":{"line":586,"column":16},"end":{"line":586,"column":60}},"355":{"start":{"line":591,"column":8},"end":{"line":604,"column":10}},"356":{"start":{"line":592,"column":12},"end":{"line":603,"column":13}},"357":{"start":{"line":593,"column":43},"end":{"line":593,"column":45}},"358":{"start":{"line":594,"column":27},"end":{"line":594,"column":62}},"359":{"start":{"line":595,"column":31},"end":{"line":595,"column":128}},"360":{"start":{"line":596,"column":32},"end":{"line":596,"column":66}},"361":{"start":{"line":596,"column":53},"end":{"line":596,"column":65}},"362":{"start":{"line":597,"column":16},"end":{"line":599,"column":17}},"363":{"start":{"line":597,"column":29},"end":{"line":597,"column":30}},"364":{"start":{"line":598,"column":20},"end":{"line":598,"column":67}},"365":{"start":{"line":600,"column":16},"end":{"line":600,"column":45}},"366":{"start":{"line":602,"column":16},"end":{"line":602,"column":60}},"367":{"start":{"line":608,"column":8},"end":{"line":628,"column":10}},"368":{"start":{"line":609,"column":12},"end":{"line":627,"column":13}},"369":{"start":{"line":610,"column":45},"end":{"line":610,"column":47}},"370":{"start":{"line":611,"column":27},"end":{"line":611,"column":62}},"371":{"start":{"line":612,"column":31},"end":{"line":612,"column":128}},"372":{"start":{"line":613,"column":32},"end":{"line":613,"column":66}},"373":{"start":{"line":613,"column":53},"end":{"line":613,"column":65}},"374":{"start":{"line":614,"column":16},"end":{"line":622,"column":17}},"375":{"start":{"line":614,"column":28},"end":{"line":614,"column":29}},"376":{"start":{"line":615,"column":20},"end":{"line":621,"column":21}},"377":{"start":{"line":616,"column":24},"end":{"line":616,"column":52}},"378":{"start":{"line":617,"column":26},"end":{"line":621,"column":21}},"379":{"start":{"line":618,"column":24},"end":{"line":618,"column":52}},"380":{"start":{"line":620,"column":24},"end":{"line":620,"column":52}},"381":{"start":{"line":624,"column":16},"end":{"line":624,"column":47}},"382":{"start":{"line":626,"column":16},"end":{"line":626,"column":60}},"383":{"start":{"line":631,"column":8},"end":{"line":650,"column":10}},"384":{"start":{"line":632,"column":12},"end":{"line":649,"column":13}},"385":{"start":{"line":633,"column":45},"end":{"line":633,"column":47}},"386":{"start":{"line":634,"column":27},"end":{"line":634,"column":62}},"387":{"start":{"line":635,"column":31},"end":{"line":635,"column":128}},"388":{"start":{"line":636,"column":32},"end":{"line":636,"column":66}},"389":{"start":{"line":636,"column":53},"end":{"line":636,"column":65}},"390":{"start":{"line":637,"column":16},"end":{"line":645,"column":17}},"391":{"start":{"line":637,"column":28},"end":{"line":637,"column":29}},"392":{"start":{"line":638,"column":20},"end":{"line":644,"column":21}},"393":{"start":{"line":639,"column":24},"end":{"line":639,"column":52}},"394":{"start":{"line":640,"column":26},"end":{"line":644,"column":21}},"395":{"start":{"line":641,"column":24},"end":{"line":641,"column":52}},"396":{"start":{"line":643,"column":24},"end":{"line":643,"column":52}},"397":{"start":{"line":646,"column":16},"end":{"line":646,"column":47}},"398":{"start":{"line":648,"column":16},"end":{"line":648,"column":60}},"399":{"start":{"line":653,"column":8},"end":{"line":673,"column":10}},"400":{"start":{"line":654,"column":12},"end":{"line":672,"column":13}},"401":{"start":{"line":655,"column":48},"end":{"line":655,"column":50}},"402":{"start":{"line":656,"column":27},"end":{"line":656,"column":62}},"403":{"start":{"line":657,"column":31},"end":{"line":657,"column":128}},"404":{"start":{"line":658,"column":32},"end":{"line":658,"column":66}},"405":{"start":{"line":658,"column":53},"end":{"line":658,"column":65}},"406":{"start":{"line":659,"column":16},"end":{"line":659,"column":54}},"407":{"start":{"line":660,"column":16},"end":{"line":668,"column":17}},"408":{"start":{"line":660,"column":28},"end":{"line":660,"column":29}},"409":{"start":{"line":661,"column":20},"end":{"line":667,"column":21}},"410":{"start":{"line":662,"column":24},"end":{"line":662,"column":55}},"411":{"start":{"line":663,"column":26},"end":{"line":667,"column":21}},"412":{"start":{"line":664,"column":24},"end":{"line":664,"column":55}},"413":{"start":{"line":666,"column":24},"end":{"line":666,"column":55}},"414":{"start":{"line":669,"column":16},"end":{"line":669,"column":50}},"415":{"start":{"line":671,"column":16},"end":{"line":671,"column":60}},"416":{"start":{"line":676,"column":8},"end":{"line":697,"column":10}},"417":{"start":{"line":677,"column":12},"end":{"line":696,"column":13}},"418":{"start":{"line":678,"column":45},"end":{"line":678,"column":47}},"419":{"start":{"line":679,"column":27},"end":{"line":679,"column":62}},"420":{"start":{"line":680,"column":31},"end":{"line":680,"column":128}},"421":{"start":{"line":681,"column":32},"end":{"line":681,"column":66}},"422":{"start":{"line":681,"column":53},"end":{"line":681,"column":65}},"423":{"start":{"line":682,"column":29},"end":{"line":682,"column":119}},"424":{"start":{"line":683,"column":16},"end":{"line":691,"column":17}},"425":{"start":{"line":683,"column":28},"end":{"line":683,"column":29}},"426":{"start":{"line":684,"column":20},"end":{"line":690,"column":21}},"427":{"start":{"line":685,"column":24},"end":{"line":685,"column":52}},"428":{"start":{"line":686,"column":26},"end":{"line":690,"column":21}},"429":{"start":{"line":687,"column":24},"end":{"line":687,"column":52}},"430":{"start":{"line":689,"column":24},"end":{"line":689,"column":52}},"431":{"start":{"line":693,"column":16},"end":{"line":693,"column":47}},"432":{"start":{"line":695,"column":16},"end":{"line":695,"column":60}},"433":{"start":{"line":700,"column":8},"end":{"line":721,"column":10}},"434":{"start":{"line":701,"column":12},"end":{"line":720,"column":13}},"435":{"start":{"line":702,"column":47},"end":{"line":702,"column":49}},"436":{"start":{"line":703,"column":27},"end":{"line":703,"column":62}},"437":{"start":{"line":704,"column":31},"end":{"line":704,"column":128}},"438":{"start":{"line":705,"column":32},"end":{"line":705,"column":66}},"439":{"start":{"line":705,"column":53},"end":{"line":705,"column":65}},"440":{"start":{"line":706,"column":29},"end":{"line":706,"column":121}},"441":{"start":{"line":707,"column":16},"end":{"line":715,"column":17}},"442":{"start":{"line":707,"column":28},"end":{"line":707,"column":29}},"443":{"start":{"line":708,"column":20},"end":{"line":714,"column":21}},"444":{"start":{"line":709,"column":24},"end":{"line":709,"column":54}},"445":{"start":{"line":710,"column":26},"end":{"line":714,"column":21}},"446":{"start":{"line":711,"column":24},"end":{"line":711,"column":54}},"447":{"start":{"line":713,"column":24},"end":{"line":713,"column":54}},"448":{"start":{"line":717,"column":16},"end":{"line":717,"column":49}},"449":{"start":{"line":719,"column":16},"end":{"line":719,"column":60}},"450":{"start":{"line":724,"column":8},"end":{"line":801,"column":10}},"451":{"start":{"line":725,"column":12},"end":{"line":800,"column":13}},"452":{"start":{"line":728,"column":39},"end":{"line":728,"column":41}},"453":{"start":{"line":729,"column":16},"end":{"line":731,"column":17}},"454":{"start":{"line":729,"column":28},"end":{"line":729,"column":29}},"455":{"start":{"line":730,"column":24},"end":{"line":730,"column":48}},"456":{"start":{"line":733,"column":34},"end":{"line":733,"column":35}},"457":{"start":{"line":735,"column":27},"end":{"line":735,"column":62}},"458":{"start":{"line":737,"column":37},"end":{"line":737,"column":108}},"459":{"start":{"line":739,"column":31},"end":{"line":739,"column":128}},"460":{"start":{"line":740,"column":32},"end":{"line":740,"column":66}},"461":{"start":{"line":740,"column":53},"end":{"line":740,"column":65}},"462":{"start":{"line":743,"column":16},"end":{"line":752,"column":17}},"463":{"start":{"line":744,"column":20},"end":{"line":744,"column":37}},"464":{"start":{"line":745,"column":20},"end":{"line":751,"column":21}},"465":{"start":{"line":745,"column":32},"end":{"line":745,"column":33}},"466":{"start":{"line":746,"column":24},"end":{"line":748,"column":25}},"467":{"start":{"line":747,"column":28},"end":{"line":747,"column":53}},"468":{"start":{"line":748,"column":25},"end":{"line":750,"column":25}},"469":{"start":{"line":749,"column":28},"end":{"line":749,"column":53}},"470":{"start":{"line":753,"column":16},"end":{"line":762,"column":17}},"471":{"start":{"line":754,"column":20},"end":{"line":754,"column":37}},"472":{"start":{"line":755,"column":20},"end":{"line":761,"column":21}},"473":{"start":{"line":755,"column":32},"end":{"line":755,"column":33}},"474":{"start":{"line":756,"column":24},"end":{"line":758,"column":25}},"475":{"start":{"line":757,"column":28},"end":{"line":757,"column":53}},"476":{"start":{"line":758,"column":25},"end":{"line":760,"column":25}},"477":{"start":{"line":759,"column":28},"end":{"line":759,"column":53}},"478":{"start":{"line":763,"column":16},"end":{"line":772,"column":17}},"479":{"start":{"line":764,"column":20},"end":{"line":764,"column":37}},"480":{"start":{"line":765,"column":20},"end":{"line":771,"column":21}},"481":{"start":{"line":765,"column":32},"end":{"line":765,"column":33}},"482":{"start":{"line":766,"column":24},"end":{"line":768,"column":25}},"483":{"start":{"line":767,"column":28},"end":{"line":767,"column":53}},"484":{"start":{"line":768,"column":25},"end":{"line":770,"column":25}},"485":{"start":{"line":769,"column":28},"end":{"line":769,"column":53}},"486":{"start":{"line":773,"column":16},"end":{"line":783,"column":17}},"487":{"start":{"line":774,"column":38},"end":{"line":774,"column":69}},"488":{"start":{"line":775,"column":20},"end":{"line":775,"column":37}},"489":{"start":{"line":776,"column":20},"end":{"line":782,"column":21}},"490":{"start":{"line":776,"column":32},"end":{"line":776,"column":33}},"491":{"start":{"line":777,"column":24},"end":{"line":779,"column":25}},"492":{"start":{"line":778,"column":28},"end":{"line":778,"column":53}},"493":{"start":{"line":779,"column":25},"end":{"line":781,"column":25}},"494":{"start":{"line":780,"column":28},"end":{"line":780,"column":53}},"495":{"start":{"line":784,"column":16},"end":{"line":795,"column":17}},"496":{"start":{"line":785,"column":40},"end":{"line":785,"column":73}},"497":{"start":{"line":787,"column":20},"end":{"line":787,"column":37}},"498":{"start":{"line":788,"column":20},"end":{"line":794,"column":21}},"499":{"start":{"line":788,"column":32},"end":{"line":788,"column":33}},"500":{"start":{"line":789,"column":24},"end":{"line":791,"column":25}},"501":{"start":{"line":790,"column":28},"end":{"line":790,"column":53}},"502":{"start":{"line":791,"column":25},"end":{"line":793,"column":25}},"503":{"start":{"line":792,"column":28},"end":{"line":792,"column":53}},"504":{"start":{"line":796,"column":39},"end":{"line":796,"column":107}},"505":{"start":{"line":796,"column":71},"end":{"line":796,"column":106}},"506":{"start":{"line":797,"column":16},"end":{"line":797,"column":40}},"507":{"start":{"line":799,"column":16},"end":{"line":799,"column":60}},"508":{"start":{"line":804,"column":0},"end":{"line":804,"column":22}}},"fnMap":{"0":{"name":"(anonymous_0)","decl":{"start":{"line":5,"column":4},"end":{"line":5,"column":5}},"loc":{"start":{"line":5,"column":21},"end":{"line":14,"column":5}},"line":5},"1":{"name":"(anonymous_1)","decl":{"start":{"line":17,"column":4},"end":{"line":17,"column":5}},"loc":{"start":{"line":17,"column":20},"end":{"line":27,"column":5}},"line":17},"2":{"name":"(anonymous_2)","decl":{"start":{"line":18,"column":27},"end":{"line":18,"column":28}},"loc":{"start":{"line":18,"column":54},"end":{"line":26,"column":9}},"line":18},"3":{"name":"(anonymous_3)","decl":{"start":{"line":21,"column":48},"end":{"line":21,"column":49}},"loc":{"start":{"line":21,"column":53},"end":{"line":21,"column":65}},"line":21},"4":{"name":"(anonymous_4)","decl":{"start":{"line":31,"column":4},"end":{"line":31,"column":5}},"loc":{"start":{"line":31,"column":32},"end":{"line":42,"column":5}},"line":31},"5":{"name":"(anonymous_5)","decl":{"start":{"line":32,"column":28},"end":{"line":32,"column":29}},"loc":{"start":{"line":32,"column":55},"end":{"line":41,"column":9}},"line":32},"6":{"name":"(anonymous_6)","decl":{"start":{"line":46,"column":4},"end":{"line":46,"column":5}},"loc":{"start":{"line":46,"column":30},"end":{"line":60,"column":5}},"line":46},"7":{"name":"(anonymous_7)","decl":{"start":{"line":47,"column":28},"end":{"line":47,"column":29}},"loc":{"start":{"line":47,"column":55},"end":{"line":59,"column":9}},"line":47},"8":{"name":"(anonymous_8)","decl":{"start":{"line":88,"column":4},"end":{"line":88,"column":5}},"loc":{"start":{"line":88,"column":25},"end":{"line":105,"column":5}},"line":88},"9":{"name":"(anonymous_9)","decl":{"start":{"line":89,"column":28},"end":{"line":89,"column":29}},"loc":{"start":{"line":89,"column":55},"end":{"line":104,"column":9}},"line":89},"10":{"name":"(anonymous_10)","decl":{"start":{"line":110,"column":4},"end":{"line":110,"column":5}},"loc":{"start":{"line":110,"column":27},"end":{"line":120,"column":5}},"line":110},"11":{"name":"(anonymous_11)","decl":{"start":{"line":111,"column":27},"end":{"line":111,"column":28}},"loc":{"start":{"line":111,"column":53},"end":{"line":119,"column":9}},"line":111},"12":{"name":"(anonymous_12)","decl":{"start":{"line":123,"column":4},"end":{"line":123,"column":5}},"loc":{"start":{"line":123,"column":47},"end":{"line":142,"column":5}},"line":123},"13":{"name":"(anonymous_13)","decl":{"start":{"line":124,"column":27},"end":{"line":124,"column":28}},"loc":{"start":{"line":124,"column":54},"end":{"line":141,"column":9}},"line":124},"14":{"name":"(anonymous_14)","decl":{"start":{"line":130,"column":48},"end":{"line":130,"column":49}},"loc":{"start":{"line":130,"column":53},"end":{"line":130,"column":65}},"line":130},"15":{"name":"(anonymous_15)","decl":{"start":{"line":143,"column":4},"end":{"line":143,"column":5}},"loc":{"start":{"line":143,"column":45},"end":{"line":162,"column":5}},"line":143},"16":{"name":"(anonymous_16)","decl":{"start":{"line":144,"column":27},"end":{"line":144,"column":28}},"loc":{"start":{"line":144,"column":54},"end":{"line":161,"column":9}},"line":144},"17":{"name":"(anonymous_17)","decl":{"start":{"line":150,"column":48},"end":{"line":150,"column":49}},"loc":{"start":{"line":150,"column":53},"end":{"line":150,"column":65}},"line":150},"18":{"name":"(anonymous_18)","decl":{"start":{"line":163,"column":4},"end":{"line":163,"column":5}},"loc":{"start":{"line":163,"column":50},"end":{"line":182,"column":5}},"line":163},"19":{"name":"(anonymous_19)","decl":{"start":{"line":164,"column":27},"end":{"line":164,"column":28}},"loc":{"start":{"line":164,"column":54},"end":{"line":181,"column":9}},"line":164},"20":{"name":"(anonymous_20)","decl":{"start":{"line":170,"column":48},"end":{"line":170,"column":49}},"loc":{"start":{"line":170,"column":53},"end":{"line":170,"column":65}},"line":170},"21":{"name":"(anonymous_21)","decl":{"start":{"line":183,"column":4},"end":{"line":183,"column":5}},"loc":{"start":{"line":183,"column":48},"end":{"line":202,"column":5}},"line":183},"22":{"name":"(anonymous_22)","decl":{"start":{"line":184,"column":27},"end":{"line":184,"column":28}},"loc":{"start":{"line":184,"column":54},"end":{"line":201,"column":9}},"line":184},"23":{"name":"(anonymous_23)","decl":{"start":{"line":190,"column":48},"end":{"line":190,"column":49}},"loc":{"start":{"line":190,"column":53},"end":{"line":190,"column":65}},"line":190},"24":{"name":"(anonymous_24)","decl":{"start":{"line":205,"column":4},"end":{"line":205,"column":5}},"loc":{"start":{"line":205,"column":52},"end":{"line":228,"column":5}},"line":205},"25":{"name":"(anonymous_25)","decl":{"start":{"line":206,"column":27},"end":{"line":206,"column":28}},"loc":{"start":{"line":206,"column":54},"end":{"line":227,"column":9}},"line":206},"26":{"name":"(anonymous_26)","decl":{"start":{"line":212,"column":48},"end":{"line":212,"column":49}},"loc":{"start":{"line":212,"column":53},"end":{"line":212,"column":65}},"line":212},"27":{"name":"(anonymous_27)","decl":{"start":{"line":229,"column":4},"end":{"line":229,"column":5}},"loc":{"start":{"line":229,"column":57},"end":{"line":252,"column":5}},"line":229},"28":{"name":"(anonymous_28)","decl":{"start":{"line":230,"column":27},"end":{"line":230,"column":28}},"loc":{"start":{"line":230,"column":54},"end":{"line":251,"column":9}},"line":230},"29":{"name":"(anonymous_29)","decl":{"start":{"line":236,"column":48},"end":{"line":236,"column":49}},"loc":{"start":{"line":236,"column":53},"end":{"line":236,"column":65}},"line":236},"30":{"name":"(anonymous_30)","decl":{"start":{"line":255,"column":4},"end":{"line":255,"column":5}},"loc":{"start":{"line":255,"column":50},"end":{"line":278,"column":5}},"line":255},"31":{"name":"(anonymous_31)","decl":{"start":{"line":256,"column":27},"end":{"line":256,"column":28}},"loc":{"start":{"line":256,"column":54},"end":{"line":277,"column":9}},"line":256},"32":{"name":"(anonymous_32)","decl":{"start":{"line":262,"column":48},"end":{"line":262,"column":49}},"loc":{"start":{"line":262,"column":53},"end":{"line":262,"column":65}},"line":262},"33":{"name":"(anonymous_33)","decl":{"start":{"line":281,"column":4},"end":{"line":281,"column":5}},"loc":{"start":{"line":281,"column":55},"end":{"line":304,"column":5}},"line":281},"34":{"name":"(anonymous_34)","decl":{"start":{"line":282,"column":23},"end":{"line":282,"column":24}},"loc":{"start":{"line":282,"column":50},"end":{"line":303,"column":5}},"line":282},"35":{"name":"(anonymous_35)","decl":{"start":{"line":288,"column":44},"end":{"line":288,"column":45}},"loc":{"start":{"line":288,"column":49},"end":{"line":288,"column":61}},"line":288},"36":{"name":"(anonymous_36)","decl":{"start":{"line":309,"column":4},"end":{"line":309,"column":5}},"loc":{"start":{"line":309,"column":48},"end":{"line":326,"column":5}},"line":309},"37":{"name":"(anonymous_37)","decl":{"start":{"line":310,"column":27},"end":{"line":310,"column":28}},"loc":{"start":{"line":310,"column":54},"end":{"line":325,"column":9}},"line":310},"38":{"name":"(anonymous_38)","decl":{"start":{"line":315,"column":48},"end":{"line":315,"column":49}},"loc":{"start":{"line":315,"column":53},"end":{"line":315,"column":65}},"line":315},"39":{"name":"(anonymous_39)","decl":{"start":{"line":327,"column":4},"end":{"line":327,"column":5}},"loc":{"start":{"line":327,"column":51},"end":{"line":343,"column":5}},"line":327},"40":{"name":"(anonymous_40)","decl":{"start":{"line":328,"column":27},"end":{"line":328,"column":28}},"loc":{"start":{"line":328,"column":54},"end":{"line":342,"column":9}},"line":328},"41":{"name":"(anonymous_41)","decl":{"start":{"line":333,"column":48},"end":{"line":333,"column":49}},"loc":{"start":{"line":333,"column":53},"end":{"line":333,"column":65}},"line":333},"42":{"name":"(anonymous_42)","decl":{"start":{"line":344,"column":4},"end":{"line":344,"column":5}},"loc":{"start":{"line":344,"column":48},"end":{"line":360,"column":5}},"line":344},"43":{"name":"(anonymous_43)","decl":{"start":{"line":345,"column":27},"end":{"line":345,"column":28}},"loc":{"start":{"line":345,"column":54},"end":{"line":359,"column":9}},"line":345},"44":{"name":"(anonymous_44)","decl":{"start":{"line":350,"column":48},"end":{"line":350,"column":49}},"loc":{"start":{"line":350,"column":53},"end":{"line":350,"column":65}},"line":350},"45":{"name":"(anonymous_45)","decl":{"start":{"line":361,"column":4},"end":{"line":361,"column":5}},"loc":{"start":{"line":361,"column":48},"end":{"line":378,"column":5}},"line":361},"46":{"name":"(anonymous_46)","decl":{"start":{"line":362,"column":27},"end":{"line":362,"column":28}},"loc":{"start":{"line":362,"column":54},"end":{"line":377,"column":9}},"line":362},"47":{"name":"(anonymous_47)","decl":{"start":{"line":367,"column":48},"end":{"line":367,"column":49}},"loc":{"start":{"line":367,"column":53},"end":{"line":367,"column":65}},"line":367},"48":{"name":"(anonymous_48)","decl":{"start":{"line":379,"column":4},"end":{"line":379,"column":5}},"loc":{"start":{"line":379,"column":50},"end":{"line":396,"column":5}},"line":379},"49":{"name":"(anonymous_49)","decl":{"start":{"line":380,"column":27},"end":{"line":380,"column":28}},"loc":{"start":{"line":380,"column":54},"end":{"line":395,"column":9}},"line":380},"50":{"name":"(anonymous_50)","decl":{"start":{"line":385,"column":48},"end":{"line":385,"column":49}},"loc":{"start":{"line":385,"column":53},"end":{"line":385,"column":65}},"line":385},"51":{"name":"(anonymous_51)","decl":{"start":{"line":397,"column":4},"end":{"line":397,"column":5}},"loc":{"start":{"line":397,"column":51},"end":{"line":460,"column":5}},"line":397},"52":{"name":"(anonymous_52)","decl":{"start":{"line":398,"column":27},"end":{"line":398,"column":28}},"loc":{"start":{"line":398,"column":54},"end":{"line":459,"column":9}},"line":398},"53":{"name":"(anonymous_53)","decl":{"start":{"line":408,"column":48},"end":{"line":408,"column":49}},"loc":{"start":{"line":408,"column":53},"end":{"line":408,"column":65}},"line":408},"54":{"name":"(anonymous_54)","decl":{"start":{"line":462,"column":4},"end":{"line":462,"column":5}},"loc":{"start":{"line":462,"column":47},"end":{"line":525,"column":5}},"line":462},"55":{"name":"(anonymous_55)","decl":{"start":{"line":463,"column":27},"end":{"line":463,"column":28}},"loc":{"start":{"line":463,"column":54},"end":{"line":524,"column":9}},"line":463},"56":{"name":"(anonymous_56)","decl":{"start":{"line":474,"column":48},"end":{"line":474,"column":49}},"loc":{"start":{"line":474,"column":53},"end":{"line":474,"column":65}},"line":474},"57":{"name":"(anonymous_57)","decl":{"start":{"line":519,"column":67},"end":{"line":519,"column":68}},"loc":{"start":{"line":519,"column":78},"end":{"line":519,"column":117}},"line":519},"58":{"name":"(anonymous_58)","decl":{"start":{"line":526,"column":4},"end":{"line":526,"column":5}},"loc":{"start":{"line":526,"column":46},"end":{"line":541,"column":5}},"line":526},"59":{"name":"(anonymous_59)","decl":{"start":{"line":527,"column":27},"end":{"line":527,"column":28}},"loc":{"start":{"line":527,"column":54},"end":{"line":540,"column":9}},"line":527},"60":{"name":"(anonymous_60)","decl":{"start":{"line":532,"column":48},"end":{"line":532,"column":49}},"loc":{"start":{"line":532,"column":53},"end":{"line":532,"column":65}},"line":532},"61":{"name":"(anonymous_61)","decl":{"start":{"line":542,"column":4},"end":{"line":542,"column":5}},"loc":{"start":{"line":542,"column":45},"end":{"line":557,"column":5}},"line":542},"62":{"name":"(anonymous_62)","decl":{"start":{"line":543,"column":27},"end":{"line":543,"column":28}},"loc":{"start":{"line":543,"column":54},"end":{"line":556,"column":9}},"line":543},"63":{"name":"(anonymous_63)","decl":{"start":{"line":548,"column":48},"end":{"line":548,"column":49}},"loc":{"start":{"line":548,"column":53},"end":{"line":548,"column":65}},"line":548},"64":{"name":"(anonymous_64)","decl":{"start":{"line":558,"column":4},"end":{"line":558,"column":5}},"loc":{"start":{"line":558,"column":43},"end":{"line":573,"column":5}},"line":558},"65":{"name":"(anonymous_65)","decl":{"start":{"line":559,"column":27},"end":{"line":559,"column":28}},"loc":{"start":{"line":559,"column":54},"end":{"line":572,"column":9}},"line":559},"66":{"name":"(anonymous_66)","decl":{"start":{"line":564,"column":48},"end":{"line":564,"column":49}},"loc":{"start":{"line":564,"column":53},"end":{"line":564,"column":65}},"line":564},"67":{"name":"(anonymous_67)","decl":{"start":{"line":574,"column":4},"end":{"line":574,"column":5}},"loc":{"start":{"line":574,"column":43},"end":{"line":589,"column":5}},"line":574},"68":{"name":"(anonymous_68)","decl":{"start":{"line":575,"column":27},"end":{"line":575,"column":28}},"loc":{"start":{"line":575,"column":54},"end":{"line":588,"column":9}},"line":575},"69":{"name":"(anonymous_69)","decl":{"start":{"line":580,"column":48},"end":{"line":580,"column":49}},"loc":{"start":{"line":580,"column":53},"end":{"line":580,"column":65}},"line":580},"70":{"name":"(anonymous_70)","decl":{"start":{"line":590,"column":4},"end":{"line":590,"column":5}},"loc":{"start":{"line":590,"column":43},"end":{"line":605,"column":5}},"line":590},"71":{"name":"(anonymous_71)","decl":{"start":{"line":591,"column":27},"end":{"line":591,"column":28}},"loc":{"start":{"line":591,"column":54},"end":{"line":604,"column":9}},"line":591},"72":{"name":"(anonymous_72)","decl":{"start":{"line":596,"column":48},"end":{"line":596,"column":49}},"loc":{"start":{"line":596,"column":53},"end":{"line":596,"column":65}},"line":596},"73":{"name":"(anonymous_73)","decl":{"start":{"line":607,"column":4},"end":{"line":607,"column":5}},"loc":{"start":{"line":607,"column":51},"end":{"line":629,"column":5}},"line":607},"74":{"name":"(anonymous_74)","decl":{"start":{"line":608,"column":27},"end":{"line":608,"column":28}},"loc":{"start":{"line":608,"column":54},"end":{"line":628,"column":9}},"line":608},"75":{"name":"(anonymous_75)","decl":{"start":{"line":613,"column":48},"end":{"line":613,"column":49}},"loc":{"start":{"line":613,"column":53},"end":{"line":613,"column":65}},"line":613},"76":{"name":"(anonymous_76)","decl":{"start":{"line":630,"column":4},"end":{"line":630,"column":5}},"loc":{"start":{"line":630,"column":51},"end":{"line":651,"column":5}},"line":630},"77":{"name":"(anonymous_77)","decl":{"start":{"line":631,"column":27},"end":{"line":631,"column":28}},"loc":{"start":{"line":631,"column":54},"end":{"line":650,"column":9}},"line":631},"78":{"name":"(anonymous_78)","decl":{"start":{"line":636,"column":48},"end":{"line":636,"column":49}},"loc":{"start":{"line":636,"column":53},"end":{"line":636,"column":65}},"line":636},"79":{"name":"(anonymous_79)","decl":{"start":{"line":652,"column":4},"end":{"line":652,"column":5}},"loc":{"start":{"line":652,"column":54},"end":{"line":674,"column":5}},"line":652},"80":{"name":"(anonymous_80)","decl":{"start":{"line":653,"column":27},"end":{"line":653,"column":28}},"loc":{"start":{"line":653,"column":54},"end":{"line":673,"column":9}},"line":653},"81":{"name":"(anonymous_81)","decl":{"start":{"line":658,"column":48},"end":{"line":658,"column":49}},"loc":{"start":{"line":658,"column":53},"end":{"line":658,"column":65}},"line":658},"82":{"name":"(anonymous_82)","decl":{"start":{"line":675,"column":4},"end":{"line":675,"column":5}},"loc":{"start":{"line":675,"column":51},"end":{"line":698,"column":5}},"line":675},"83":{"name":"(anonymous_83)","decl":{"start":{"line":676,"column":27},"end":{"line":676,"column":28}},"loc":{"start":{"line":676,"column":54},"end":{"line":697,"column":9}},"line":676},"84":{"name":"(anonymous_84)","decl":{"start":{"line":681,"column":48},"end":{"line":681,"column":49}},"loc":{"start":{"line":681,"column":53},"end":{"line":681,"column":65}},"line":681},"85":{"name":"(anonymous_85)","decl":{"start":{"line":699,"column":4},"end":{"line":699,"column":5}},"loc":{"start":{"line":699,"column":53},"end":{"line":722,"column":5}},"line":699},"86":{"name":"(anonymous_86)","decl":{"start":{"line":700,"column":27},"end":{"line":700,"column":28}},"loc":{"start":{"line":700,"column":54},"end":{"line":721,"column":9}},"line":700},"87":{"name":"(anonymous_87)","decl":{"start":{"line":705,"column":48},"end":{"line":705,"column":49}},"loc":{"start":{"line":705,"column":53},"end":{"line":705,"column":65}},"line":705},"88":{"name":"(anonymous_88)","decl":{"start":{"line":723,"column":4},"end":{"line":723,"column":5}},"loc":{"start":{"line":723,"column":49},"end":{"line":802,"column":5}},"line":723},"89":{"name":"(anonymous_89)","decl":{"start":{"line":724,"column":27},"end":{"line":724,"column":28}},"loc":{"start":{"line":724,"column":54},"end":{"line":801,"column":9}},"line":724},"90":{"name":"(anonymous_90)","decl":{"start":{"line":740,"column":48},"end":{"line":740,"column":49}},"loc":{"start":{"line":740,"column":53},"end":{"line":740,"column":65}},"line":740},"91":{"name":"(anonymous_91)","decl":{"start":{"line":796,"column":60},"end":{"line":796,"column":61}},"loc":{"start":{"line":796,"column":71},"end":{"line":796,"column":106}},"line":796}},"branchMap":{"0":{"loc":{"start":{"line":318,"column":20},"end":{"line":318,"column":67}},"type":"if","locations":[{"start":{"line":318,"column":20},"end":{"line":318,"column":67}},{"start":{},"end":{}}],"line":318},"1":{"loc":{"start":{"line":335,"column":20},"end":{"line":335,"column":70}},"type":"if","locations":[{"start":{"line":335,"column":20},"end":{"line":335,"column":70}},{"start":{},"end":{}}],"line":335},"2":{"loc":{"start":{"line":352,"column":20},"end":{"line":352,"column":62}},"type":"if","locations":[{"start":{"line":352,"column":20},"end":{"line":352,"column":62}},{"start":{},"end":{}}],"line":352},"3":{"loc":{"start":{"line":370,"column":20},"end":{"line":370,"column":83}},"type":"if","locations":[{"start":{"line":370,"column":20},"end":{"line":370,"column":83}},{"start":{},"end":{}}],"line":370},"4":{"loc":{"start":{"line":388,"column":20},"end":{"line":388,"column":87}},"type":"if","locations":[{"start":{"line":388,"column":20},"end":{"line":388,"column":87}},{"start":{},"end":{}}],"line":388},"5":{"loc":{"start":{"line":410,"column":16},"end":{"line":417,"column":17}},"type":"if","locations":[{"start":{"line":410,"column":16},"end":{"line":417,"column":17}},{"start":{},"end":{}}],"line":410},"6":{"loc":{"start":{"line":413,"column":24},"end":{"line":413,"column":71}},"type":"if","locations":[{"start":{"line":413,"column":24},"end":{"line":413,"column":71}},{"start":{},"end":{}}],"line":413},"7":{"loc":{"start":{"line":418,"column":16},"end":{"line":425,"column":17}},"type":"if","locations":[{"start":{"line":418,"column":16},"end":{"line":425,"column":17}},{"start":{},"end":{}}],"line":418},"8":{"loc":{"start":{"line":421,"column":24},"end":{"line":421,"column":74}},"type":"if","locations":[{"start":{"line":421,"column":24},"end":{"line":421,"column":74}},{"start":{},"end":{}}],"line":421},"9":{"loc":{"start":{"line":426,"column":16},"end":{"line":433,"column":17}},"type":"if","locations":[{"start":{"line":426,"column":16},"end":{"line":433,"column":17}},{"start":{},"end":{}}],"line":426},"10":{"loc":{"start":{"line":429,"column":24},"end":{"line":429,"column":66}},"type":"if","locations":[{"start":{"line":429,"column":24},"end":{"line":429,"column":66}},{"start":{},"end":{}}],"line":429},"11":{"loc":{"start":{"line":434,"column":16},"end":{"line":442,"column":17}},"type":"if","locations":[{"start":{"line":434,"column":16},"end":{"line":442,"column":17}},{"start":{},"end":{}}],"line":434},"12":{"loc":{"start":{"line":438,"column":24},"end":{"line":438,"column":92}},"type":"if","locations":[{"start":{"line":438,"column":24},"end":{"line":438,"column":92}},{"start":{},"end":{}}],"line":438},"13":{"loc":{"start":{"line":443,"column":16},"end":{"line":451,"column":17}},"type":"if","locations":[{"start":{"line":443,"column":16},"
[...]
line":777},"49":{"loc":{"start":{"line":779,"column":25},"end":{"line":781,"column":25}},"type":"if","locations":[{"start":{"line":779,"column":25},"end":{"line":781,"column":25}},{"start":{},"end":{}}],"line":779},"50":{"loc":{"start":{"line":784,"column":16},"end":{"line":795,"column":17}},"type":"if","locations":[{"start":{"line":784,"column":16},"end":{"line":795,"column":17}},{"start":{},"end":{}}],"line":784},"51":{"loc":{"start":{"line":789,"column":24},"end":{"line":791,"column":25}},"type":"if","locations":[{"start":{"line":789,"column":24},"end":{"line":791,"column":25}},{"start":{},"end":{}}],"line":789},"52":{"loc":{"start":{"line":791,"column":25},"end":{"line":793,"column":25}},"type":"if","locations":[{"start":{"line":791,"column":25},"end":{"line":793,"column":25}},{"start":{},"end":{}}],"line":791},"53":{"loc":{"start":{"line":791,"column":28},"end":{"line":791,"column":99}},"type":"binary-expr","locations":[{"start":{"line":791,"column":28},"end":{"line":791,"column":57}},{"start":{"line":791,"column":61},"end":{"line":791,"column":99}}],"line":791}},"s":{"0":6,"1":6,"2":6,"3":0,"4":0,"5":0,"6":0,"7":0,"8":0,"9":0,"10":0,"11":1,"12":1,"13":1,"14":1,"15":0,"16":0,"17":1,"18":0,"19":0,"20":0,"21":0,"22":0,"23":0,"24":0,"25":0,"26":0,"27":0,"28":0,"29":0,"30":0,"31":0,"32":0,"33":0,"34":0,"35":0,"36":0,"37":0,"38":0,"39":0,"40":0,"41":0,"42":0,"43":0,"44":0,"45":0,"46":0,"47":0,"48":0,"49":0,"50":0,"51":0,"52":0,"53":0,"54":0,"55":0,"56":0,"57":0,"58":0,"59":0,"60":0,"61":0,"62":0,"63":0,"64":0,"65":0,"66":0,"67":0,"68":0,"69":0,"70":0,"71":0,"72":0,"73":0,"74":0,"75":0,"76":0,"77":0,"78":0,"79":0,"80":0,"81":0,"82":0,"83":0,"84":0,"85":0,"86":0,"87":0,"88":0,"89":0,"90":0,"91":0,"92":0,"93":0,"94":0,"95":0,"96":0,"97":0,"98":0,"99":0,"100":0,"101":0,"102":0,"103":0,"104":0,"105":0,"106":0,"107":0,"108":0,"109":0,"110":0,"111":0,"112":0,"113":0,"114":0,"115":0,"116":0,"117":0,"118":0,"119":0,"120":0,"121":0,"122":0,"123":0,"124":0,"125":0,"126":0,"127":0,"128":0,"129":0,"130":0,"131":0,"132":0,"133":0,"134":0,"135":0,"136":0,"137":0,"138":0,"139":0,"140":0,"141":0,"142":0,"143":0,"144":0,"145":0,"146":0,"147":0,"148":0,"149":0,"150":0,"151":0,"152":0,"153":0,"154":0,"155":0,"156":0,"157":0,"158":0,"159":0,"160":0,"161":0,"162":0,"163":0,"164":0,"165":0,"166":0,"167":0,"168":0,"169":0,"170":0,"171":0,"172":0,"173":0,"174":0,"175":0,"176":0,"177":0,"178":0,"179":0,"180":0,"181":0,"182":0,"183":0,"184":0,"185":0,"186":0,"187":0,"188":0,"189":0,"190":0,"191":0,"192":0,"193":0,"194":0,"195":0,"196":0,"197":0,"198":0,"199":0,"200":0,"201":0,"202":0,"203":0,"204":0,"205":0,"206":0,"207":0,"208":0,"209":0,"210":0,"211":0,"212":0,"213":0,"214":0,"215":0,"216":0,"217":0,"218":0,"219":0,"220":0,"221":0,"222":0,"223":0,"224":0,"225":0,"226":0,"227":0,"228":0,"229":0,"230":0,"231":0,"232":0,"233":0,"234":0,"235":0,"236":0,"237":0,"238":0,"239":0,"240":0,"241":0,"242":0,"243":0,"244":0,"245":0,"246":0,"247":0,"248":0,"249":0,"250":0,"251":0,"252":0,"253":0,"254":0,"255":0,"256":0,"257":0,"258":0,"259":0,"260":0,"261":0,"262":0,"263":0,"264":0,"265":0,"266":0,"267":0,"268":0,"269":0,"270":0,"271":0,"272":0,"273":0,"274":0,"275":0,"276":0,"277":0,"278":0,"279":0,"280":0,"281":0,"282":0,"283":0,"284":0,"285":0,"286":0,"287":0,"288":0,"289":0,"290":0,"291":0,"292":0,"293":0,"294":0,"295":0,"296":0,"297":0,"298":0,"299":0,"300":0,"301":0,"302":0,"303":0,"304":0,"305":0,"306":0,"307":0,"308":0,"309":0,"310":0,"311":0,"312":0,"313":0,"314":0,"315":0,"316":0,"317":0,"318":0,"319":0,"320":0,"321":0,"322":0,"323":0,"324":0,"325":0,"326":0,"327":0,"328":0,"329":0,"330":0,"331":0,"332":0,"333":0,"334":0,"335":0,"336":0,"337":0,"338":0,"339":0,"340":0,"341":0,"342":0,"343":0,"344":0,"345":0,"346":0,"347":0,"348":0,"349":0,"350":0,"351":0,"352":0,"353":0,"354":0,"355":0,"356":0,"357":0,"358":0,"359":0,"360":0,"361":0,"362":0,"363":0,"364":0,"365":0,"366":0,"367":0,"368":0,"369":0,"370":0,"371":0,"372":0,"373":0,"374":0,"375":0,"376":0,"377":0,"378":0,"379":0,"380":0,"381":0,"382":0,"383":0,"384":0,"385":0,"386":0,"387":0,"388":0,"389":0,"390":0,"391":0,"392":0,"393":0,"394":0,"395":0,"396":0,"397":0,"398":0,"399":0,"400":0,"401":0,"402":0,"403":0,"404":0,"405":0,"406":0,"407":0,"408":0,"409":0,"410":0,"411":0,"412":0,"413":0,"414":0,"415":0,"416":0,"417":0,"418":0,"419":0,"420":0,"421":0,"422":0,"423":0,"424":0,"425":0,"426":0,"427":0,"428":0,"429":0,"430":0,"431":0,"432":0,"433":0,"434":0,"435":0,"436":0,"437":0,"438":0,"439":0,"440":0,"441":0,"442":0,"443":0,"444":0,"445":0,"446":0,"447":0,"448":0,"449":0,"450":0,"451":0,"452":0,"453":0,"454":0,"455":0,"456":0,"457":0,"458":0,"459":0,"460":0,"461":0,"462":0,"463":0,"464":0,"465":0,"466":0,"467":0,"468":0,"469":0,"470":0,"471":0,"472":0,"473":0,"474":0,"475":0,"476":0,"477":0,"478":0,"479":0,"480":0,"481":0,"482":0,"483":0,"484":0,"485":0,"486":0,"487":0,"488":0,"489":0,"490":0,"491":0,"492":0,"493":0,"494":0,"495":0,"496":0,"497":0,"498":0,"499":0,"500":0,"501":0,"502":0,"503":0,"504":0,"505":0,"506":0,"507":0,"508":6},"f":{"0":0,"1":1,"2":1,"3":0,"4":0,"5":0,"6":0,"7":0,"8":0,"9":0,"10":0,"11":0,"12":0,"13":0,"14":0,"15":0,"16":0,"17":0,"18":0,"19":0,"20":0,"21":0,"22":0,"23":0,"24":0,"25":0,"26":0,"27":0,"28":0,"29":0,"30":0,"31":0,"32":0,"33":0,"34":0,"35":0,"36":0,"37":0,"38":0,"39":0,"40":0,"41":0,"42":0,"43":0,"44":0,"45":0,"46":0,"47":0,"48":0,"49":0,"50":0,"51":0,"52":0,"53":0,"54":0,"55":0,"56":0,"57":0,"58":0,"59":0,"60":0,"61":0,"62":0,"63":0,"64":0,"65":0,"66":0,"67":0,"68":0,"69":0,"70":0,"71":0,"72":0,"73":0,"74":0,"75":0,"76":0,"77":0,"78":0,"79":0,"80":0,"81":0,"82":0,"83":0,"84":0,"85":0,"86":0,"87":0,"88":0,"89":0,"90":0,"91":0},"b":{"0":[0,0],"1":[0,0],"2":[0,0],"3":[0,0],"4":[0,0],"5":[0,0],"6":[0,0],"7":[0,0],"8":[0,0],"9":[0,0],"10":[0,0],"11":[0,0],"12":[0,0],"13":[0,0],"14":[0,0],"15":[0,0],"16":[0,0],"17":[0,0],"18":[0,0],"19":[0,0],"20":[0,0],"21":[0,0],"22":[0,0],"23":[0,0],"24":[0,0],"25":[0,0],"26":[0,0],"27":[0,0],"28":[0,0],"29":[0,0],"30":[0,0],"31":[0,0],"32":[0,0],"33":[0,0],"34":[0,0],"35":[0,0],"36":[0,0],"37":[0,0],"38":[0,0],"39":[0,0],"40":[0,0],"41":[0,0],"42":[0,0],"43":[0,0],"44":[0,0],"45":[0,0],"46":[0,0],"47":[0,0],"48":[0,0],"49":[0,0],"50":[0,0],"51":[0,0],"52":[0,0],"53":[0,0]},"_coverageSchema":"1a1c01bbd47fc00a2c39e90264f33305004495a9","hash":"5f322da87dbf1f0f4b34884ae4d385a82aab1bd0"}
,"/code/models/track.js": {"path":"/code/models/track.js","statementMap":{"0":{"start":{"line":1,"column":11},"end":{"line":1,"column":33}},"1":{"start":{"line":2,"column":13},"end":{"line":2,"column":30}},"2":{"start":{"line":3,"column":14},"end":{"line":3,"column":32}},"3":{"start":{"line":4,"column":19},"end":{"line":4,"column":40}},"4":{"start":{"line":8,"column":8},"end":{"line":8,"column":25}},"5":{"start":{"line":9,"column":8},"end":{"line":9,"column":35}},"6":{"start":{"line":10,"column":8},"end":{"line":10,"column":37}},"7":{"start":{"line":11,"column":8},"end":{"line":11,"column":41}},"8":{"start":{"line":12,"column":8},"end":{"line":12,"column":43}},"9":{"start":{"line":13,"column":8},"end":{"line":13,"column":47}},"10":{"start":{"line":14,"column":8},"end":{"line":14,"column":47}},"11":{"start":{"line":15,"column":8},"end":{"line":15,"column":37}},"12":{"start":{"line":16,"column":8},"end":{"line":16,"column":41}},"13":{"start":{"line":17,"column":8},"end":{"line":17,"column":41}},"14":{"start":{"line":18,"column":8},"end":{"line":18,"column":45}},"15":{"start":{"line":19,"column":8},"end":{"line":19,"column":37}},"16":{"start":{"line":20,"column":8},"end":{"line":20,"column":41}},"17":{"start":{"line":21,"column":8},"end":{"line":21,"column":53}},"18":{"start":{"line":22,"column":8},"end":{"line":22,"column":49}},"19":{"start":{"line":26,"column":8},"end":{"line":34,"column":10}},"20":{"start":{"line":27,"column":12},"end":{"line":33,"column":13}},"21":{"start":{"line":28,"column":31},"end":{"line":28,"column":72}},"22":{"start":{"line":29,"column":34},"end":{"line":29,"column":71}},"23":{"start":{"line":29,"column":55},"end":{"line":29,"column":70}},"24":{"start":{"line":30,"column":16},"end":{"line":30,"column":34}},"25":{"start":{"line":32,"column":16},"end":{"line":32,"column":60}},"26":{"start":{"line":37,"column":8},"end":{"line":50,"column":11}},"27":{"start":{"line":38,"column":12},"end":{"line":49,"column":13}},"28":{"start":{"line":39,"column":16},"end":{"line":39,"column":34}},"29":{"start":{"line":40,"column":32},"end":{"line":40,"column":49}},"30":{"start":{"line":41,"column":16},"end":{"line":41,"column":36}},"31":{"start":{"line":42,"column":33},"end":{"line":42,"column":49}},"32":{"start":{"line":43,"column":16},"end":{"line":43,"column":37}},"33":{"start":{"line":44,"column":27},"end":{"line":44,"column":62}},"34":{"start":{"line":45,"column":29},"end":{"line":45,"column":102}},"35":{"start":{"line":46,"column":16},"end":{"line":46,"column":41}},"36":{"start":{"line":48,"column":16},"end":{"line":48,"column":41}},"37":{"start":{"line":53,"column":8},"end":{"line":61,"column":11}},"38":{"start":{"line":54,"column":12},"end":{"line":60,"column":13}},"39":{"start":{"line":55,"column":27},"end":{"line":55,"column":55}},"40":{"start":{"line":56,"column":29},"end":{"line":56,"column":102}},"41":{"start":{"line":57,"column":16},"end":{"line":57,"column":41}},"42":{"start":{"line":59,"column":16},"end":{"line":59,"column":41}},"43":{"start":{"line":68,"column":8},"end":{"line":76,"column":11}},"44":{"start":{"line":69,"column":12},"end":{"line":75,"column":13}},"45":{"start":{"line":70,"column":27},"end":{"line":70,"column":62}},"46":{"start":{"line":71,"column":29},"end":{"line":71,"column":540}},"47":{"start":{"line":72,"column":16},"end":{"line":72,"column":41}},"48":{"start":{"line":74,"column":16},"end":{"line":74,"column":56}},"49":{"start":{"line":79,"column":8},"end":{"line":87,"column":11}},"50":{"start":{"line":80,"column":12},"end":{"line":86,"column":13}},"51":{"start":{"line":81,"column":27},"end":{"line":81,"column":62}},"52":{"start":{"line":82,"column":29},"end":{"line":82,"column":488}},"53":{"start":{"line":83,"column":16},"end":{"line":83,"column":41}},"54":{"start":{"line":85,"column":16},"end":{"line":85,"column":56}},"55":{"start":{"line":91,"column":8},"end":{"line":99,"column":10}},"56":{"start":{"line":92,"column":12},"end":{"line":98,"column":13}},"57":{"start":{"line":93,"column":27},"end":{"line":93,"column":62}},"58":{"start":{"line":94,"column":31},"end":{"line":94,"column":209}},"59":{"start":{"line":95,"column":16},"end":{"line":95,"column":41}},"60":{"start":{"line":97,"column":16},"end":{"line":97,"column":60}},"61":{"start":{"line":102,"column":0},"end":{"line":102,"column":25}}},"fnMap":{"0":{"name":"(anonymous_0)","decl":{"start":{"line":7,"column":4},"end":{"line":7,"column":5}},"loc":{"start":{"line":7,"column":21},"end":{"line":23,"column":5}},"line":7},"1":{"name":"(anonymous_1)","decl":{"start":{"line":25,"column":4},"end":{"line":25,"column":5}},"loc":{"start":{"line":25,"column":20},"end":{"line":35,"column":5}},"line":25},"2":{"name":"(anonymous_2)","decl":{"start":{"line":26,"column":27},"end":{"line":26,"column":28}},"loc":{"start":{"line":26,"column":54},"end":{"line":34,"column":9}},"line":26},"3":{"name":"(anonymous_3)","decl":{"start":{"line":29,"column":50},"end":{"line":29,"column":51}},"loc":{"start":{"line":29,"column":55},"end":{"line":29,"column":70}},"line":29},"4":{"name":"(anonymous_4)","decl":{"start":{"line":36,"column":4},"end":{"line":36,"column":5}},"loc":{"start":{"line":36,"column":40},"end":{"line":51,"column":5}},"line":36},"5":{"name":"(anonymous_5)","decl":{"start":{"line":37,"column":28},"end":{"line":37,"column":29}},"loc":{"start":{"line":37,"column":55},"end":{"line":50,"column":9}},"line":37},"6":{"name":"(anonymous_6)","decl":{"start":{"line":52,"column":4},"end":{"line":52,"column":5}},"loc":{"start":{"line":52,"column":40},"end":{"line":62,"column":5}},"line":52},"7":{"name":"(anonymous_7)","decl":{"start":{"line":53,"column":28},"end":{"line":53,"column":29}},"loc":{"start":{"line":53,"column":55},"end":{"line":61,"column":9}},"line":53},"8":{"name":"(anonymous_8)","decl":{"start":{"line":67,"column":4},"end":{"line":67,"column":5}},"loc":{"start":{"line":67,"column":222},"end":{"line":77,"column":5}},"line":67},"9":{"name":"(anonymous_9)","decl":{"start":{"line":68,"column":28},"end":{"line":68,"column":29}},"loc":{"start":{"line":68,"column":55},"end":{"line":76,"column":9}},"line":68},"10":{"name":"(anonymous_10)","decl":{"start":{"line":78,"column":4},"end":{"line":78,"column":5}},"loc":{"start":{"line":78,"column":192},"end":{"line":88,"column":5}},"line":78},"11":{"name":"(anonymous_11)","decl":{"start":{"line":79,"column":28},"end":{"line":79,"column":29}},"loc":{"start":{"line":79,"column":55},"end":{"line":87,"column":9}},"line":79},"12":{"name":"(anonymous_12)","decl":{"start":{"line":90,"column":4},"end":{"line":90,"column":5}},"loc":{"start":{"line":90,"column":49},"end":{"line":100,"column":5}},"line":90},"13":{"name":"(anonymous_13)","decl":{"start":{"line":91,"column":27},"end":{"line":91,"column":28}},"loc":{"start":{"line":91,"column":54},"end":{"line":99,"column":9}},"line":91}},"branchMap":{},"s":{"0":6,"1":6,"2":6,"3":6,"4":0,"5":0,"6":0,"7":0,"8":0,"9":0,"10":0,"11":0,"12":0,"13":0,"14":0,"15":0,"16":0,"17":0,"18":0,"19":1,"20":1,"21":1,"22":1,"23":0,"24":0,"25":1,"26":0,"27":0,"28":0,"29":0,"30":0,"31":0,"32":0,"33":0,"34":0,"35":0,"36":0,"37":0,"38":0,"39":0,"40":0,"41":0,"42":0,"43":0,"44":0,"45":0,"46":0,"47":0,"48":0,"49":0,"50":0,"51":0,"52":0,"53":0,"54":0,"55":0,"56":0,"57":0,"58":0,"59":0,"60":0,"61":6},"f":{"0":0,"1":1,"2":1,"3":0,"4":0,"5":0,"6":0,"7":0,"8":0,"9":0,"10":0,"11":0,"12":0,"13":0},"b":{},"_coverageSchema":"1a1c01bbd47fc00a2c39e90264f33305004495a9","hash":"cc87c5bbefb40e75814b8f8e6fbbdf9542d4da8e"}
,"/code/models/user.js": {"path":"/code/models/user.js","statementMap":{"0":{"start":{"line":1,"column":11},"end":{"line":1,"column":33}},"1":{"start":{"line":5,"column":8},"end":{"line":5,"column":25}},"2":{"start":{"line":6,"column":8},"end":{"line":6,"column":37}},"3":{"start":{"line":7,"column":8},"end":{"line":7,"column":31}},"4":{"start":{"line":8,"column":8},"end":{"line":8,"column":50}},"5":{"start":{"line":12,"column":8},"end":{"line":20,"column":10}},"6":{"start":{"line":13,"column":12},"end":{"line":19,"column":13}},"7":{"start":{"line":14,"column":31},"end":{"line":14,"column":69}},"8":{"start":{"line":15,"column":30},"end":{"line":15,"column":63}},"9":{"start":{"line":15,"column":51},"end":{"line":15,"column":62}},"10":{"start":{"line":16,"column":16},"end":{"line":16,"column":30}},"11":{"start":{"line":18,"column":16},"end":{"line":18,"column":56}},"12":{"start":{"line":24,"column":8},"end":{"line":32,"column":10}},"13":{"start":{"line":25,"column":12},"end":{"line":31,"column":13}},"14":{"start":{"line":26,"column":34},"end":{"line":26,"column":98}},"15":{"start":{"line":27,"column":27},"end":{"line":27,"column":56}},"16":{"start":{"line":28,"column":16},"end":{"line":28,"column":25}},"17":{"start":{"line":30,"column":16},"end":{"line":30,"column":49}},"18":{"start":{"line":36,"column":8},"end":{"line":45,"column":10}},"19":{"start":{"line":37,"column":12},"end":{"line":44,"column":13}},"20":{"start":{"line":38,"column":16},"end":{"line":38,"column":37}},"21":{"start":{"line":39,"column":31},"end":{"line":39,"column":165}},"22":{"start":{"line":40,"column":29},"end":{"line":40,"column":53}},"23":{"start":{"line":41,"column":16},"end":{"line":41,"column":29}},"24":{"start":{"line":43,"column":16},"end":{"line":43,"column":53}},"25":{"start":{"line":48,"column":8},"end":{"line":56,"column":11}},"26":{"start":{"line":49,"column":12},"end":{"line":55,"column":13}},"27":{"start":{"line":50,"column":31},"end":{"line":50,"column":103}},"28":{"start":{"line":51,"column":27},"end":{"line":51,"column":53}},"29":{"start":{"line":52,"column":16},"end":{"line":52,"column":30}},"30":{"start":{"line":54,"column":16},"end":{"line":54,"column":41}},"31":{"start":{"line":59,"column":8},"end":{"line":67,"column":11}},"32":{"start":{"line":60,"column":12},"end":{"line":66,"column":13}},"33":{"start":{"line":61,"column":31},"end":{"line":61,"column":91}},"34":{"start":{"line":62,"column":27},"end":{"line":62,"column":53}},"35":{"start":{"line":63,"column":16},"end":{"line":63,"column":30}},"36":{"start":{"line":65,"column":16},"end":{"line":65,"column":41}},"37":{"start":{"line":70,"column":8},"end":{"line":78,"column":10}},"38":{"start":{"line":71,"column":12},"end":{"line":77,"column":13}},"39":{"start":{"line":72,"column":29},"end":{"line":72,"column":102}},"40":{"start":{"line":73,"column":27},"end":{"line":73,"column":51}},"41":{"start":{"line":74,"column":16},"end":{"line":74,"column":25}},"42":{"start":{"line":76,"column":16},"end":{"line":76,"column":52}},"43":{"start":{"line":83,"column":0},"end":{"line":83,"column":21}}},"fnMap":{"0":{"name":"(anonymous_0)","decl":{"start":{"line":4,"column":4},"end":{"line":4,"column":5}},"loc":{"start":{"line":4,"column":21},"end":{"line":9,"column":5}},"line":4},"1":{"name":"(anonymous_1)","decl":{"start":{"line":11,"column":4},"end":{"line":11,"column":5}},"loc":{"start":{"line":11,"column":20},"end":{"line":21,"column":5}},"line":11},"2":{"name":"(anonymous_2)","decl":{"start":{"line":12,"column":27},"end":{"line":12,"column":28}},"loc":{"start":{"line":12,"column":54},"end":{"line":20,"column":9}},"line":12},"3":{"name":"(anonymous_3)","decl":{"start":{"line":15,"column":46},"end":{"line":15,"column":47}},"loc":{"start":{"line":15,"column":51},"end":{"line":15,"column":62}},"line":15},"4":{"name":"(anonymous_4)","decl":{"start":{"line":23,"column":4},"end":{"line":23,"column":5}},"loc":{"start":{"line":23,"column":30},"end":{"line":33,"column":5}},"line":23},"5":{"name":"(anonymous_5)","decl":{"start":{"line":24,"column":27},"end":{"line":24,"column":28}},"loc":{"start":{"line":24,"column":47},"end":{"line":32,"column":9}},"line":24},"6":{"name":"(anonymous_6)","decl":{"start":{"line":35,"column":4},"end":{"line":35,"column":5}},"loc":{"start":{"line":35,"column":48},"end":{"line":46,"column":5}},"line":35},"7":{"name":"(anonymous_7)","decl":{"start":{"line":36,"column":27},"end":{"line":36,"column":28}},"loc":{"start":{"line":36,"column":54},"end":{"line":45,"column":9}},"line":36},"8":{"name":"(anonymous_8)","decl":{"start":{"line":47,"column":4},"end":{"line":47,"column":5}},"loc":{"start":{"line":47,"column":35},"end":{"line":57,"column":5}},"line":47},"9":{"name":"(anonymous_9)","decl":{"start":{"line":48,"column":28},"end":{"line":48,"column":29}},"loc":{"start":{"line":48,"column":55},"end":{"line":56,"column":9}},"line":48},"10":{"name":"(anonymous_10)","decl":{"start":{"line":58,"column":4},"end":{"line":58,"column":5}},"loc":{"start":{"line":58,"column":23},"end":{"line":68,"column":5}},"line":58},"11":{"name":"(anonymous_11)","decl":{"start":{"line":59,"column":28},"end":{"line":59,"column":29}},"loc":{"start":{"line":59,"column":55},"end":{"line":67,"column":9}},"line":59},"12":{"name":"(anonymous_12)","decl":{"start":{"line":69,"column":4},"end":{"line":69,"column":5}},"loc":{"start":{"line":69,"column":29},"end":{"line":79,"column":5}},"line":69},"13":{"name":"(anonymous_13)","decl":{"start":{"line":70,"column":27},"end":{"line":70,"column":28}},"loc":{"start":{"line":70,"column":47},"end":{"line":78,"column":9}},"line":70}},"branchMap":{},"s":{"0":8,"1":0,"2":0,"3":0,"4":0,"5":1,"6":1,"7":1,"8":1,"9":0,"10":0,"11":1,"12":0,"13":0,"14":0,"15":0,"16":0,"17":0,"18":0,"19":0,"20":0,"21":0,"22":0,"23":0,"24":0,"25":0,"26":0,"27":0,"28":0,"29":0,"30":0,"31":0,"32":0,"33":0,"34":0,"35":0,"36":0,"37":0,"38":0,"39":0,"40":0,"41":0,"42":0,"43":8},"f":{"0":0,"1":1,"2":1,"3":0,"4":0,"5":0,"6":0,"7":0,"8":0,"9":0,"10":0,"11":0,"12":0,"13":0},"b":{},"_coverageSchema":"1a1c01bbd47fc00a2c39e90264f33305004495a9","hash":"d873bc5e9ed4d0bf0fe58867941e2d7ede77393d"}
}
