TN:
SF:dbConfig.js
FNF:0
FNH:0
DA:1,12
DA:3,12
DA:5,12
LF:3
LH:3
BRF:0
BRH:0
end_of_record
TN:
SF:controllers/entries.js
FN:4,getAllEntries
FN:14,autoAddUserEntry
FN:26,getAllHabitsEntries
FN:35,getSmokingEntries
FN:44,getExerciseEntries
FN:53,getWaterEntries
FN:62,getMoneyEntries
FN:71,getSleepEntries
FN:81,getAllCalendarEntries
FN:90,getSleepCalendarEntries
FN:99,getWaterCalendarEntries
FN:108,getSmokingCalendarEntries
FN:117,getExerciseCalendarEntries
FN:126,getMoneyCalendarEntries
FN:136,getEntriesByUserId
FN:146,createNewEntry
FN:156,updateEntryById
FN:165,completeSleep
FN:174,incompleteSleep
FN:183,completeExercise
FN:192,incompleteExercise
FN:203,increaseSmokingNum
FN:213,decreaseSmokingNum
FN:223,increaseWaterNum
FN:233,decreaseWaterNum
FN:243,deleteEntryById
FN:254,getAllHabitsStreak
FN:264,getSleepStreak
FN:274,getExerciseStreak
FN:284,getWaterStreak
FN:294,getSmokingStreak
FN:304,getMoneyStreak
FNF:32
FNH:1
FNDA:1,getAllEntries
FNDA:0,autoAddUserEntry
FNDA:0,getAllHabitsEntries
FNDA:0,getSmokingEntries
FNDA:0,getExerciseEntries
FNDA:0,getWaterEntries
FNDA:0,getMoneyEntries
FNDA:0,getSleepEntries
FNDA:0,getAllCalendarEntries
FNDA:0,getSleepCalendarEntries
FNDA:0,getWaterCalendarEntries
FNDA:0,getSmokingCalendarEntries
FNDA:0,getExerciseCalendarEntries
FNDA:0,getMoneyCalendarEntries
FNDA:0,getEntriesByUserId
FNDA:0,createNewEntry
FNDA:0,updateEntryById
FNDA:0,completeSleep
FNDA:0,incompleteSleep
FNDA:0,completeExercise
FNDA:0,incompleteExercise
FNDA:0,increaseSmokingNum
FNDA:0,decreaseSmokingNum
FNDA:0,increaseWaterNum
FNDA:0,decreaseWaterNum
FNDA:0,deleteEntryById
FNDA:0,getAllHabitsStreak
FNDA:0,getSleepStreak
FNDA:0,getExerciseStreak
FNDA:0,getWaterStreak
FNDA:0,getSmokingStreak
FNDA:0,getMoneyStreak
DA:1,1
DA:5,1
DA:6,1
DA:7,1
DA:9,0
DA:15,0
DA:16,0
DA:17,0
DA:19,0
DA:27,0
DA:28,0
DA:29,0
DA:31,0
DA:36,0
DA:37,0
DA:38,0
DA:40,0
DA:45,0
DA:46,0
DA:47,0
DA:49,0
DA:54,0
DA:55,0
DA:56,0
DA:58,0
DA:63,0
DA:64,0
DA:65,0
DA:67,0
DA:72,0
DA:73,0
DA:74,0
DA:76,0
DA:82,0
DA:83,0
DA:84,0
DA:86,0
DA:91,0
DA:92,0
DA:93,0
DA:95,0
DA:100,0
DA:101,0
DA:102,0
DA:104,0
DA:109,0
DA:110,0
DA:111,0
DA:113,0
DA:118,0
DA:119,0
DA:120,0
DA:122,0
DA:127,0
DA:128,0
DA:129,0
DA:131,0
DA:137,0
DA:138,0
DA:139,0
DA:141,0
DA:147,0
DA:148,0
DA:149,0
DA:151,0
DA:157,0
DA:158,0
DA:159,0
DA:161,0
DA:166,0
DA:167,0
DA:168,0
DA:170,0
DA:175,0
DA:176,0
DA:177,0
DA:179,0
DA:184,0
DA:185,0
DA:186,0
DA:188,0
DA:193,0
DA:194,0
DA:195,0
DA:197,0
DA:204,0
DA:205,0
DA:206,0
DA:208,0
DA:214,0
DA:215,0
DA:216,0
DA:218,0
DA:224,0
DA:225,0
DA:226,0
DA:228,0
DA:234,0
DA:235,0
DA:236,0
DA:238,0
DA:244,0
DA:245,0
DA:246,0
DA:247,0
DA:249,0
DA:255,0
DA:256,0
DA:257,0
DA:259,0
DA:265,0
DA:266,0
DA:267,0
DA:269,0
DA:275,0
DA:276,0
DA:277,0
DA:279,0
DA:285,0
DA:286,0
DA:287,0
DA:289,0
DA:295,0
DA:296,0
DA:297,0
DA:299,0
DA:305,0
DA:306,0
DA:307,0
DA:309,0
DA:313,1
LF:131
LH:5
BRF:0
BRH:0
end_of_record
TN:
SF:controllers/tracks.js
FN:6,getAllTracking
FN:16,getUserTrackingsByUsername
FN:26,getUserTrackingsByUserId
FN:36,updateUSerTrackings
FN:53,getCurrentTrackingDataByUsername
FN:63,getCurrentTrackingDataByUserId
FNF:6
FNH:1
FNDA:1,getAllTracking
FNDA:0,getUserTrackingsByUsername
FNDA:0,getUserTrackingsByUserId
FNDA:0,updateUSerTrackings
FNDA:0,getCurrentTrackingDataByUsername
FNDA:0,getCurrentTrackingDataByUserId
DA:1,1
DA:2,1
DA:7,1
DA:8,1
DA:9,1
DA:11,0
DA:17,0
DA:18,0
DA:19,0
DA:21,0
DA:27,0
DA:28,0
DA:29,0
DA:31,0
DA:37,0
DA:38,0
DA:39,0
DA:40,0
DA:41,0
DA:42,0
DA:43,0
DA:44,0
DA:45,0
DA:48,0
DA:54,0
DA:55,0
DA:56,0
DA:58,0
DA:64,0
DA:65,0
DA:66,0
DA:68,0
DA:73,1
LF:33
LH:6
BRDA:38,0,0,0
BRDA:38,0,1,0
BRDA:40,1,0,0
BRDA:40,1,1,0
BRDA:43,2,0,0
BRDA:43,2,1,0
BRF:6
BRH:0
end_of_record
TN:
SF:controllers/users.js
FN:5,index
FN:16,getByUsername
FN:26,getById
FNF:3
FNH:1
FNDA:1,index
FNDA:0,getByUsername
FNDA:0,getById
DA:1,1
DA:6,1
DA:8,1
DA:9,1
DA:11,0
DA:17,0
DA:18,0
DA:19,0
DA:21,0
DA:27,0
DA:28,0
DA:29,0
DA:31,0
DA:35,1
LF:14
LH:5
BRF:0
BRH:0
end_of_record
TN:
SF:dbConfig/init.js
FNF:0
FNH:0
DA:1,3
DA:3,3
DA:5,3
LF:3
LH:3
BRF:0
BRH:0
end_of_record
TN:
SF:models/entry.js
FN:5,(anonymous_0)
FN:17,(anonymous_1)
FN:18,(anonymous_2)
FN:21,(anonymous_3)
FN:31,(anonymous_4)
FN:32,(anonymous_5)
FN:46,(anonymous_6)
FN:47,(anonymous_7)
FN:88,(anonymous_8)
FN:89,(anonymous_9)
FN:110,(anonymous_10)
FN:111,(anonymous_11)
FN:123,(anonymous_12)
FN:124,(anonymous_13)
FN:130,(anonymous_14)
FN:143,(anonymous_15)
FN:144,(anonymous_16)
FN:150,(anonymous_17)
FN:163,(anonymous_18)
FN:164,(anonymous_19)
FN:170,(anonymous_20)
FN:183,(anonymous_21)
FN:184,(anonymous_22)
FN:190,(anonymous_23)
FN:205,(anonymous_24)
FN:206,(anonymous_25)
FN:212,(anonymous_26)
FN:229,(anonymous_27)
FN:230,(anonymous_28)
FN:236,(anonymous_29)
FN:255,(anonymous_30)
FN:256,(anonymous_31)
FN:262,(anonymous_32)
FN:281,(anonymous_33)
FN:282,(anonymous_34)
FN:288,(anonymous_35)
FN:309,(anonymous_36)
FN:310,(anonymous_37)
FN:315,(anonymous_38)
FN:327,(anonymous_39)
FN:328,(anonymous_40)
FN:333,(anonymous_41)
FN:344,(anonymous_42)
FN:345,(anonymous_43)
FN:350,(anonymous_44)
FN:361,(anonymous_45)
FN:362,(anonymous_46)
FN:367,(anonymous_47)
FN:379,(anonymous_48)
FN:380,(anonymous_49)
FN:385,(anonymous_50)
FN:397,(anonymous_51)
FN:398,(anonymous_52)
FN:408,(anonymous_53)
FN:462,(anonymous_54)
FN:463,(anonymous_55)
FN:474,(anonymous_56)
FN:519,(anonymous_57)
FN:526,(anonymous_58)
FN:527,(anonymous_59)
FN:532,(anonymous_60)
FN:542,(anonymous_61)
FN:543,(anonymous_62)
FN:548,(anonymous_63)
FN:558,(anonymous_64)
FN:559,(anonymous_65)
FN:564,(anonymous_66)
FN:574,(anonymous_67)
FN:575,(anonymous_68)
FN:580,(anonymous_69)
FN:590,(anonymous_70)
FN:591,(anonymous_71)
FN:596,(anonymous_72)
FN:607,(anonymous_73)
FN:608,(anonymous_74)
FN:613,(anonymous_75)
FN:630,(anonymous_76)
FN:631,(anonymous_77)
FN:636,(anonymous_78)
FN:652,(anonymous_79)
FN:653,(anonymous_80)
FN:658,(anonymous_81)
FN:675,(anonymous_82)
FN:676,(anonymous_83)
FN:681,(anonymous_84)
FN:699,(anonymous_85)
FN:700,(anonymous_86)
FN:705,(anonymous_87)
FN:723,(anonymous_88)
FN:724,(anonymous_89)
FN:740,(anonymous_90)
FN:796,(anonymous_91)
FNF:92
FNH:2
FNDA:0,(anonymous_0)
FNDA:1,(anonymous_1)
FNDA:1,(anonymous_2)
FNDA:0,(anonymous_3)
FNDA:0,(anonymous_4)
FNDA:0,(anonymous_5)
FNDA:0,(anonymous_6)
FNDA:0,(anonymous_7)
FNDA:0,(anonymous_8)
FNDA:0,(anonymous_9)
FNDA:0,(anonymous_10)
FNDA:0,(anonymous_11)
FNDA:0,(anonymous_12)
FNDA:0,(anonymous_13)
FNDA:0,(anonymous_14)
FNDA:0,(anonymous_15)
FNDA:0,(anonymous_16)
FNDA:0,(anonymous_17)
FNDA:0,(anonymous_18)
FNDA:0,(anonymous_19)
FNDA:0,(anonymous_20)
FNDA:0,(anonymous_21)
FNDA:0,(anonymous_22)
FNDA:0,(anonymous_23)
FNDA:0,(anonymous_24)
FNDA:0,(anonymous_25)
FNDA:0,(anonymous_26)
FNDA:0,(anonymous_27)
FNDA:0,(anonymous_28)
FNDA:0,(anonymous_29)
FNDA:0,(anonymous_30)
FNDA:0,(anonymous_31)
FNDA:0,(anonymous_32)
FNDA:0,(anonymous_33)
FNDA:0,(anonymous_34)
FNDA:0,(anonymous_35)
FNDA:0,(anonymous_36)
FNDA:0,(anonymous_37)
FNDA:0,(anonymous_38)
FNDA:0,(anonymous_39)
FNDA:0,(anonymous_40)
FNDA:0,(anonymous_41)
FNDA:0,(anonymous_42)
FNDA:0,(anonymous_43)
FNDA:0,(anonymous_44)
FNDA:0,(anonymous_45)
FNDA:0,(anonymous_46)
FNDA:0,(anonymous_47)
FNDA:0,(anonymous_48)
FNDA:0,(anonymous_49)
FNDA:0,(anonymous_50)
FNDA:0,(anonymous_51)
FNDA:0,(anonymous_52)
FNDA:0,(anonymous_53)
FNDA:0,(anonymous_54)
FNDA:0,(anonymous_55)
FNDA:0,(anonymous_56)
FNDA:0,(anonymous_57)
FNDA:0,(anonymous_58)
FNDA:0,(anonymous_59)
FNDA:0,(anonymous_60)
FNDA:0,(anonymous_61)
FNDA:0,(anonymous_62)
FNDA:0,(anonymous_63)
FNDA:0,(anonymous_64)
FNDA:0,(anonymous_65)
FNDA:0,(anonymous_66)
FNDA:0,(anonymous_67)
FNDA:0,(anonymous_68)
FNDA:0,(anonymous_69)
FNDA:0,(anonymous_70)
FNDA:0,(anonymous_71)
FNDA:0,(anonymous_72)
FNDA:0,(anonymous_73)
FNDA:0,(anonymous_74)
FNDA:0,(anonymous_75)
FNDA:0,(anonymous_76)
FNDA:0,(anonymous_77)
FNDA:0,(anonymous_78)
FNDA:0,(anonymous_79)
FNDA:0,(anonymous_80)
FNDA:0,(anonymous_81)
FNDA:0,(anonymous_82)
FNDA:0,(anonymous_83)
FNDA:0,(anonymous_84)
FNDA:0,(anonymous_85)
FNDA:0,(anonymous_86)
FNDA:0,(anonymous_87)
FNDA:0,(anonymous_88)
FNDA:0,(anonymous_89)
FNDA:0,(anonymous_90)
FNDA:0,(anonymous_91)
DA:1,6
DA:2,6
DA:3,6
DA:6,0
DA:7,0
DA:8,0
DA:9,0
DA:10,0
DA:11,0
DA:12,0
DA:13,0
DA:18,1
DA:19,1
DA:20,1
DA:21,1
DA:22,0
DA:24,1
DA:32,0
DA:33,0
DA:34,0
DA:35,0
DA:36,0
DA:38,0
DA:39,0
DA:47,0
DA:48,0
DA:49,0
DA:50,0
DA:51,0
DA:52,0
DA:53,0
DA:54,0
DA:56,0
DA:57,0
DA:89,0
DA:90,0
DA:91,0
DA:93,0
DA:98,0
DA:99,0
DA:101,0
DA:102,0
DA:111,0
DA:112,0
DA:113,0
DA:114,0
DA:116,0
DA:117,0
DA:124,0
DA:125,0
DA:126,0
DA:128,0
DA:130,0
DA:131,0
DA:132,0
DA:137,0
DA:139,0
DA:144,0
DA:145,0
DA:146,0
DA:148,0
DA:150,0
DA:151,0
DA:152,0
DA:157,0
DA:159,0
DA:164,0
DA:165,0
DA:166,0
DA:168,0
DA:170,0
DA:171,0
DA:172,0
DA:177,0
DA:179,0
DA:184,0
DA:185,0
DA:186,0
DA:188,0
DA:190,0
DA:191,0
DA:192,0
DA:197,0
DA:199,0
DA:206,0
DA:207,0
DA:208,0
DA:210,0
DA:212,0
DA:214,0
DA:215,0
DA:217,0
DA:218,0
DA:223,0
DA:225,0
DA:230,0
DA:231,0
DA:232,0
DA:234,0
DA:236,0
DA:238,0
DA:239,0
DA:241,0
DA:242,0
DA:247,0
DA:249,0
DA:256,0
DA:257,0
DA:258,0
DA:260,0
DA:262,0
DA:264,0
DA:265,0
DA:267,0
DA:268,0
DA:273,0
DA:275,0
DA:282,0
DA:283,0
DA:284,0
DA:286,0
DA:288,0
DA:290,0
DA:291,0
DA:293,0
DA:294,0
DA:299,0
DA:301,0
DA:310,0
DA:311,0
DA:312,0
DA:313,0
DA:314,0
DA:315,0
DA:317,0
DA:318,0
DA:319,0
DA:321,0
DA:323,0
DA:328,0
DA:329,0
DA:330,0
DA:331,0
DA:332,0
DA:333,0
DA:334,0
DA:335,0
DA:336,0
DA:338,0
DA:340,0
DA:345,0
DA:346,0
DA:347,0
DA:348,0
DA:349,0
DA:350,0
DA:351,0
DA:352,0
DA:353,0
DA:355,0
DA:357,0
DA:362,0
DA:363,0
DA:364,0
DA:365,0
DA:366,0
DA:367,0
DA:368,0
DA:369,0
DA:370,0
DA:371,0
DA:373,0
DA:375,0
DA:380,0
DA:381,0
DA:382,0
DA:383,0
DA:384,0
DA:385,0
DA:386,0
DA:387,0
DA:388,0
DA:389,0
DA:391,0
DA:393,0
DA:398,0
DA:399,0
DA:401,0
DA:403,0
DA:405,0
DA:407,0
DA:408,0
DA:410,0
DA:411,0
DA:412,0
DA:413,0
DA:414,0
DA:416,0
DA:418,0
DA:419,0
DA:420,0
DA:421,0
DA:422,0
DA:424,0
DA:426,0
DA:427,0
DA:428,0
DA:429,0
DA:430,0
DA:432,0
DA:434,0
DA:435,0
DA:436,0
DA:437,0
DA:438,0
DA:439,0
DA:441,0
DA:443,0
DA:444,0
DA:445,0
DA:446,0
DA:447,0
DA:448,0
DA:450,0
DA:453,0
DA:455,0
DA:457,0
DA:463,0
DA:464,0
DA:466,0
DA:467,0
DA:469,0
DA:471,0
DA:473,0
DA:474,0
DA:477,0
DA:478,0
DA:479,0
DA:480,0
DA:481,0
DA:485,0
DA:486,0
DA:487,0
DA:488,0
DA:489,0
DA:493,0
DA:494,0
DA:495,0
DA:496,0
DA:497,0
DA:501,0
DA:502,0
DA:503,0
DA:504,0
DA:505,0
DA:506,0
DA:510,0
DA:511,0
DA:512,0
DA:513,0
DA:514,0
DA:515,0
DA:519,0
DA:520,0
DA:522,0
DA:527,0
DA:528,0
DA:529,0
DA:530,0
DA:531,0
DA:532,0
DA:533,0
DA:534,0
DA:536,0
DA:538,0
DA:543,0
DA:544,0
DA:545,0
DA:546,0
DA:547,0
DA:548,0
DA:549,0
DA:550,0
DA:552,0
DA:554,0
DA:559,0
DA:560,0
DA:561,0
DA:562,0
DA:563,0
DA:564,0
DA:565,0
DA:566,0
DA:568,0
DA:570,0
DA:575,0
DA:576,0
DA:577,0
DA:578,0
DA:579,0
DA:580,0
DA:581,0
DA:582,0
DA:584,0
DA:586,0
DA:591,0
DA:592,0
DA:593,0
DA:594,0
DA:595,0
DA:596,0
DA:597,0
DA:598,0
DA:600,0
DA:602,0
DA:608,0
DA:609,0
DA:610,0
DA:611,0
DA:612,0
DA:613,0
DA:614,0
DA:615,0
DA:616,0
DA:617,0
DA:618,0
DA:620,0
DA:624,0
DA:626,0
DA:631,0
DA:632,0
DA:633,0
DA:634,0
DA:635,0
DA:636,0
DA:637,0
DA:638,0
DA:639,0
DA:640,0
DA:641,0
DA:643,0
DA:646,0
DA:648,0
DA:653,0
DA:654,0
DA:655,0
DA:656,0
DA:657,0
DA:658,0
DA:659,0
DA:660,0
DA:661,0
DA:662,0
DA:663,0
DA:664,0
DA:666,0
DA:669,0
DA:671,0
DA:676,0
DA:677,0
DA:678,0
DA:679,0
DA:680,0
DA:681,0
DA:682,0
DA:683,0
DA:684,0
DA:685,0
DA:686,0
DA:687,0
DA:689,0
DA:693,0
DA:695,0
DA:700,0
DA:701,0
DA:702,0
DA:703,0
DA:704,0
DA:705,0
DA:706,0
DA:707,0
DA:708,0
DA:709,0
DA:710,0
DA:711,0
DA:713,0
DA:717,0
DA:719,0
DA:724,0
DA:725,0
DA:728,0
DA:729,0
DA:730,0
DA:733,0
DA:735,0
DA:737,0
DA:739,0
DA:740,0
DA:743,0
DA:744,0
DA:745,0
DA:746,0
DA:747,0
DA:748,0
DA:749,0
DA:753,0
DA:754,0
DA:755,0
DA:756,0
DA:757,0
DA:758,0
DA:759,0
DA:763,0
DA:764,0
DA:765,0
DA:766,0
DA:767,0
DA:768,0
DA:769,0
DA:773,0
DA:774,0
DA:775,0
DA:776,0
DA:777,0
DA:778,0
DA:779,0
DA:780,0
DA:784,0
DA:785,0
DA:787,0
DA:788,0
DA:789,0
DA:790,0
DA:791,0
DA:792,0
DA:796,0
DA:797,0
DA:799,0
DA:804,6
LF:439
LH:9
BRDA:318,0,0,0
BRDA:318,0,1,0
BRDA:335,1,0,0
BRDA:335,1,1,0
BRDA:352,2,0,0
BRDA:352,2,1,0
BRDA:370,3,0,0
BRDA:370,3,1,0
BRDA:388,4,0,0
BRDA:388,4,1,0
BRDA:410,5,0,0
BRDA:410,5,1,0
BRDA:413,6,0,0
BRDA:413,6,1,0
BRDA:418,7,0,0
BRDA:418,7,1,0
BRDA:421,8,0,0
BRDA:421,8,1,0
BRDA:426,9,0,0
BRDA:426,9,1,0
BRDA:429,10,0,0
BRDA:429,10,1,0
BRDA:434,11,0,0
BRDA:434,11,1,0
BRDA:438,12,0,0
BRDA:438,12,1,0
BRDA:443,13,0,0
BRDA:443,13,1,0
BRDA:447,14,0,0
BRDA:447,14,1,0
BRDA:477,15,0,0
BRDA:477,15,1,0
BRDA:480,16,0,0
BRDA:480,16,1,0
BRDA:485,17,0,0
BRDA:485,17,1,0
BRDA:488,18,0,0
BRDA:488,18,1,0
BRDA:493,19,0,0
BRDA:493,19,1,0
BRDA:496,20,0,0
BRDA:496,20,1,0
BRDA:501,21,0,0
BRDA:501,21,1,0
BRDA:505,22,0,0
BRDA:505,22,1,0
BRDA:510,23,0,0
BRDA:510,23,1,0
BRDA:514,24,0,0
BRDA:514,24,1,0
BRDA:615,25,0,0
BRDA:615,25,1,0
BRDA:617,26,0,0
BRDA:617,26,1,0
BRDA:638,27,0,0
BRDA:638,27,1,0
BRDA:640,28,0,0
BRDA:640,28,1,0
BRDA:661,29,0,0
BRDA:661,29,1,0
BRDA:663,30,0,0
BRDA:663,30,1,0
BRDA:684,31,0,0
BRDA:684,31,1,0
BRDA:684,32,0,0
BRDA:684,32,1,0
BRDA:686,33,0,0
BRDA:686,33,1,0
BRDA:708,34,0,0
BRDA:708,34,1,0
BRDA:710,35,0,0
BRDA:710,35,1,0
BRDA:710,36,0,0
BRDA:710,36,1,0
BRDA:743,37,0,0
BRDA:743,37,1,0
BRDA:746,38,0,0
BRDA:746,38,1,0
BRDA:748,39,0,0
BRDA:748,39,1,0
BRDA:753,40,0,0
BRDA:753,40,1,0
BRDA:756,41,0,0
BRDA:756,41,1,0
BRDA:758,42,0,0
BRDA:758,42,1,0
BRDA:763,43,0,0
BRDA:763,43,1,0
BRDA:766,44,0,0
BRDA:766,44,1,0
BRDA:768,45,0,0
BRDA:768,45,1,0
BRDA:773,46,0,0
BRDA:773,46,1,0
BRDA:777,47,0,0
BRDA:777,47,1,0
BRDA:777,48,0,0
BRDA:777,48,1,0
BRDA:779,49,0,0
BRDA:779,49,1,0
BRDA:784,50,0,0
BRDA:784,50,1,0
BRDA:789,51,0,0
BRDA:789,51,1,0
BRDA:791,52,0,0
BRDA:791,52,1,0
BRDA:791,53,0,0
BRDA:791,53,1,0
BRF:108
BRH:0
end_of_record
TN:
SF:models/track.js
FN:7,(anonymous_0)
FN:25,(anonymous_1)
FN:26,(anonymous_2)
FN:29,(anonymous_3)
FN:36,(anonymous_4)
FN:37,(anonymous_5)
FN:52,(anonymous_6)
FN:53,(anonymous_7)
FN:67,(anonymous_8)
FN:68,(anonymous_9)
FN:78,(anonymous_10)
FN:79,(anonymous_11)
FN:90,(anonymous_12)
FN:91,(anonymous_13)
FNF:14
FNH:2
FNDA:0,(anonymous_0)
FNDA:1,(anonymous_1)
FNDA:1,(anonymous_2)
FNDA:0,(anonymous_3)
FNDA:0,(anonymous_4)
FNDA:0,(anonymous_5)
FNDA:0,(anonymous_6)
FNDA:0,(anonymous_7)
FNDA:0,(anonymous_8)
FNDA:0,(anonymous_9)
FNDA:0,(anonymous_10)
FNDA:0,(anonymous_11)
FNDA:0,(anonymous_12)
FNDA:0,(anonymous_13)
DA:1,6
DA:2,6
DA:3,6
DA:4,6
DA:8,0
DA:9,0
DA:10,0
DA:11,0
DA:12,0
DA:13,0
DA:14,0
DA:15,0
DA:16,0
DA:17,0
DA:18,0
DA:19,0
DA:20,0
DA:21,0
DA:22,0
DA:26,1
DA:27,1
DA:28,1
DA:29,1
DA:30,0
DA:32,1
DA:37,0
DA:38,0
DA:39,0
DA:40,0
DA:41,0
DA:42,0
DA:43,0
DA:44,0
DA:45,0
DA:46,0
DA:48,0
DA:53,0
DA:54,0
DA:55,0
DA:56,0
DA:57,0
DA:59,0
DA:68,0
DA:69,0
DA:70,0
DA:71,0
DA:72,0
DA:74,0
DA:79,0
DA:80,0
DA:81,0
DA:82,0
DA:83,0
DA:85,0
DA:91,0
DA:92,0
DA:93,0
DA:94,0
DA:95,0
DA:97,0
DA:102,6
LF:61
LH:10
BRF:0
BRH:0
end_of_record
TN:
SF:models/user.js
FN:4,(anonymous_0)
FN:11,(anonymous_1)
FN:12,(anonymous_2)
FN:15,(anonymous_3)
FN:23,(anonymous_4)
FN:24,(anonymous_5)
FN:35,(anonymous_6)
FN:36,(anonymous_7)
FN:47,(anonymous_8)
FN:48,(anonymous_9)
FN:58,(anonymous_10)
FN:59,(anonymous_11)
FN:69,(anonymous_12)
FN:70,(anonymous_13)
FNF:14
FNH:2
FNDA:0,(anonymous_0)
FNDA:1,(anonymous_1)
FNDA:1,(anonymous_2)
FNDA:0,(anonymous_3)
FNDA:0,(anonymous_4)
FNDA:0,(anonymous_5)
FNDA:0,(anonymous_6)
FNDA:0,(anonymous_7)
FNDA:0,(anonymous_8)
FNDA:0,(anonymous_9)
FNDA:0,(anonymous_10)
FNDA:0,(anonymous_11)
FNDA:0,(anonymous_12)
FNDA:0,(anonymous_13)
DA:1,8
DA:5,0
DA:6,0
DA:7,0
DA:8,0
DA:12,1
DA:13,1
DA:14,1
DA:15,1
DA:16,0
DA:18,1
DA:24,0
DA:25,0
DA:26,0
DA:27,0
DA:28,0
DA:30,0
DA:36,0
DA:37,0
DA:38,0
DA:39,0
DA:40,0
DA:41,0
DA:43,0
DA:48,0
DA:49,0
DA:50,0
DA:51,0
DA:52,0
DA:54,0
DA:59,0
DA:60,0
DA:61,0
DA:62,0
DA:63,0
DA:65,0
DA:70,0
DA:71,0
DA:72,0
DA:73,0
DA:74,0
DA:76,0
DA:83,8
LF:43
LH:7
BRF:0
BRH:0
end_of_record
